CRITICAL - 2022-07-16 09:27:19 --> Undefined array key "login"
in APPPATH\Views\pages\add.php on line 106.
 1 APPPATH\Views\pages\add.php(106): CodeIgniter\Debug\Exceptions->errorHandler(2, 'Undefined array key "login"', 'APPPATH\\Views\\pages\\add.php', 106)
 2 SYSTEMPATH\View\View.php(213): include('APPPATH\\Views\\pages\\add.php')
 3 SYSTEMPATH\View\View.php(216): CodeIgniter\View\View->CodeIgniter\View\{closure}()
 4 SYSTEMPATH\Common.php(1135): CodeIgniter\View\View->render('pages/add', [], true)
 5 APPPATH\Controllers\Home.php(65): view('pages/add')
 6 SYSTEMPATH\CodeIgniter.php(896): App\Controllers\Home->add()
 7 SYSTEMPATH\CodeIgniter.php(466): CodeIgniter\CodeIgniter->runController(Object(App\Controllers\Home))
 8 SYSTEMPATH\CodeIgniter.php(349): CodeIgniter\CodeIgniter->handleRequest(null, Object(Config\Cache), false)
 9 FCPATH\index.php(55): CodeIgniter\CodeIgniter->run()
CRITICAL - 2022-07-16 09:27:55 --> Undefined array key "pname"
in APPPATH\Views\pages\add.php on line 122.
 1 APPPATH\Views\pages\add.php(122): CodeIgniter\Debug\Exceptions->errorHandler(2, 'Undefined array key "pname"', 'APPPATH\\Views\\pages\\add.php', 122)
 2 SYSTEMPATH\View\View.php(213): include('APPPATH\\Views\\pages\\add.php')
 3 SYSTEMPATH\View\View.php(216): CodeIgniter\View\View->CodeIgniter\View\{closure}()
 4 SYSTEMPATH\Common.php(1135): CodeIgniter\View\View->render('pages/add', [], true)
 5 APPPATH\Controllers\Home.php(65): view('pages/add')
 6 SYSTEMPATH\CodeIgniter.php(896): App\Controllers\Home->add()
 7 SYSTEMPATH\CodeIgniter.php(466): CodeIgniter\CodeIgniter->runController(Object(App\Controllers\Home))
 8 SYSTEMPATH\CodeIgniter.php(349): CodeIgniter\CodeIgniter->handleRequest(null, Object(Config\Cache), false)
 9 FCPATH\index.php(55): CodeIgniter\CodeIgniter->run()
CRITICAL - 2022-07-16 09:30:13 --> Undefined array key "id"
in APPPATH\Views\pages\add.php on line 148.
 1 APPPATH\Views\pages\add.php(148): CodeIgniter\Debug\Exceptions->errorHandler(2, 'Undefined array key "id"', 'APPPATH\\Views\\pages\\add.php', 148)
 2 SYSTEMPATH\View\View.php(213): include('APPPATH\\Views\\pages\\add.php')
 3 SYSTEMPATH\View\View.php(216): CodeIgniter\View\View->CodeIgniter\View\{closure}()
 4 SYSTEMPATH\Common.php(1135): CodeIgniter\View\View->render('pages/add', [], true)
 5 APPPATH\Controllers\Home.php(65): view('pages/add')
 6 SYSTEMPATH\CodeIgniter.php(896): App\Controllers\Home->add()
 7 SYSTEMPATH\CodeIgniter.php(466): CodeIgniter\CodeIgniter->runController(Object(App\Controllers\Home))
 8 SYSTEMPATH\CodeIgniter.php(349): CodeIgniter\CodeIgniter->handleRequest(null, Object(Config\Cache), false)
 9 FCPATH\index.php(55): CodeIgniter\CodeIgniter->run()
CRITICAL - 2022-07-16 09:32:29 --> Undefined array key "id"
in APPPATH\Views\pages\add.php on line 149.
 1 APPPATH\Views\pages\add.php(149): CodeIgniter\Debug\Exceptions->errorHandler(2, 'Undefined array key "id"', 'APPPATH\\Views\\pages\\add.php', 149)
 2 SYSTEMPATH\View\View.php(213): include('APPPATH\\Views\\pages\\add.php')
 3 SYSTEMPATH\View\View.php(216): CodeIgniter\View\View->CodeIgniter\View\{closure}()
 4 SYSTEMPATH\Common.php(1135): CodeIgniter\View\View->render('pages/add', [], true)
 5 APPPATH\Controllers\Home.php(65): view('pages/add')
 6 SYSTEMPATH\CodeIgniter.php(896): App\Controllers\Home->add()
 7 SYSTEMPATH\CodeIgniter.php(466): CodeIgniter\CodeIgniter->runController(Object(App\Controllers\Home))
 8 SYSTEMPATH\CodeIgniter.php(349): CodeIgniter\CodeIgniter->handleRequest(null, Object(Config\Cache), false)
 9 FCPATH\index.php(55): CodeIgniter\CodeIgniter->run()
CRITICAL - 2022-07-16 09:36:36 --> Undefined array key "id"
in APPPATH\Views\pages\add.php on line 150.
 1 APPPATH\Views\pages\add.php(150): CodeIgniter\Debug\Exceptions->errorHandler(2, 'Undefined array key "id"', 'APPPATH\\Views\\pages\\add.php', 150)
 2 SYSTEMPATH\View\View.php(213): include('APPPATH\\Views\\pages\\add.php')
 3 SYSTEMPATH\View\View.php(216): CodeIgniter\View\View->CodeIgniter\View\{closure}()
 4 SYSTEMPATH\Common.php(1135): CodeIgniter\View\View->render('pages/add', [], true)
 5 APPPATH\Controllers\Home.php(65): view('pages/add')
 6 SYSTEMPATH\CodeIgniter.php(896): App\Controllers\Home->add()
 7 SYSTEMPATH\CodeIgniter.php(466): CodeIgniter\CodeIgniter->runController(Object(App\Controllers\Home))
 8 SYSTEMPATH\CodeIgniter.php(349): CodeIgniter\CodeIgniter->handleRequest(null, Object(Config\Cache), false)
 9 FCPATH\index.php(55): CodeIgniter\CodeIgniter->run()
CRITICAL - 2022-07-16 09:42:59 --> Cannot access offset of type string on string
in APPPATH\Views\pages\add.php on line 149.
 1 SYSTEMPATH\View\View.php(213): include()
 2 SYSTEMPATH\View\View.php(216): CodeIgniter\View\View->CodeIgniter\View\{closure}()
 3 SYSTEMPATH\Common.php(1135): CodeIgniter\View\View->render('pages/add', [], true)
 4 APPPATH\Controllers\Home.php(65): view('pages/add')
 5 SYSTEMPATH\CodeIgniter.php(896): App\Controllers\Home->add()
 6 SYSTEMPATH\CodeIgniter.php(466): CodeIgniter\CodeIgniter->runController(Object(App\Controllers\Home))
 7 SYSTEMPATH\CodeIgniter.php(349): CodeIgniter\CodeIgniter->handleRequest(null, Object(Config\Cache), false)
 8 FCPATH\index.php(55): CodeIgniter\CodeIgniter->run()
CRITICAL - 2022-07-16 09:47:04 --> Array to string conversion
in APPPATH\Views\pages\add.php on line 150.
 1 APPPATH\Views\pages\add.php(150): CodeIgniter\Debug\Exceptions->errorHandler(2, 'Array to string conversion', 'APPPATH\\Views\\pages\\add.php', 150)
 2 SYSTEMPATH\View\View.php(213): include('APPPATH\\Views\\pages\\add.php')
 3 SYSTEMPATH\View\View.php(216): CodeIgniter\View\View->CodeIgniter\View\{closure}()
 4 SYSTEMPATH\Common.php(1135): CodeIgniter\View\View->render('pages/add', [], true)
 5 APPPATH\Controllers\Home.php(65): view('pages/add')
 6 SYSTEMPATH\CodeIgniter.php(896): App\Controllers\Home->add()
 7 SYSTEMPATH\CodeIgniter.php(466): CodeIgniter\CodeIgniter->runController(Object(App\Controllers\Home))
 8 SYSTEMPATH\CodeIgniter.php(349): CodeIgniter\CodeIgniter->handleRequest(null, Object(Config\Cache), false)
 9 FCPATH\index.php(55): CodeIgniter\CodeIgniter->run()
CRITICAL - 2022-07-16 09:47:24 --> Undefined array key "id"
in APPPATH\Views\pages\add.php on line 150.
 1 APPPATH\Views\pages\add.php(150): CodeIgniter\Debug\Exceptions->errorHandler(2, 'Undefined array key "id"', 'APPPATH\\Views\\pages\\add.php', 150)
 2 SYSTEMPATH\View\View.php(213): include('APPPATH\\Views\\pages\\add.php')
 3 SYSTEMPATH\View\View.php(216): CodeIgniter\View\View->CodeIgniter\View\{closure}()
 4 SYSTEMPATH\Common.php(1135): CodeIgniter\View\View->render('pages/add', [], true)
 5 APPPATH\Controllers\Home.php(65): view('pages/add')
 6 SYSTEMPATH\CodeIgniter.php(896): App\Controllers\Home->add()
 7 SYSTEMPATH\CodeIgniter.php(466): CodeIgniter\CodeIgniter->runController(Object(App\Controllers\Home))
 8 SYSTEMPATH\CodeIgniter.php(349): CodeIgniter\CodeIgniter->handleRequest(null, Object(Config\Cache), false)
 9 FCPATH\index.php(55): CodeIgniter\CodeIgniter->run()
CRITICAL - 2022-07-16 09:47:46 --> Undefined array key "name"
in APPPATH\Views\pages\add.php on line 150.
 1 APPPATH\Views\pages\add.php(150): CodeIgniter\Debug\Exceptions->errorHandler(2, 'Undefined array key "name"', 'APPPATH\\Views\\pages\\add.php', 150)
 2 SYSTEMPATH\View\View.php(213): include('APPPATH\\Views\\pages\\add.php')
 3 SYSTEMPATH\View\View.php(216): CodeIgniter\View\View->CodeIgniter\View\{closure}()
 4 SYSTEMPATH\Common.php(1135): CodeIgniter\View\View->render('pages/add', [], true)
 5 APPPATH\Controllers\Home.php(65): view('pages/add')
 6 SYSTEMPATH\CodeIgniter.php(896): App\Controllers\Home->add()
 7 SYSTEMPATH\CodeIgniter.php(466): CodeIgniter\CodeIgniter->runController(Object(App\Controllers\Home))
 8 SYSTEMPATH\CodeIgniter.php(349): CodeIgniter\CodeIgniter->handleRequest(null, Object(Config\Cache), false)
 9 FCPATH\index.php(55): CodeIgniter\CodeIgniter->run()
CRITICAL - 2022-07-16 09:48:22 --> Allowed memory size of 536870912 bytes exhausted (tried to allocate 264257536 bytes)
in APPPATH\Views\pages\add.php on line 150.
 1 [internal function]: CodeIgniter\Debug\Exceptions->shutdownHandler()
CRITICAL - 2022-07-16 09:48:36 --> Allowed memory size of 536870912 bytes exhausted (tried to allocate 264257536 bytes)
in APPPATH\Views\pages\add.php on line 150.
 1 [internal function]: CodeIgniter\Debug\Exceptions->shutdownHandler()
CRITICAL - 2022-07-16 09:49:04 --> Undefined array key "categories"
in APPPATH\Views\pages\add.php on line 153.
 1 APPPATH\Views\pages\add.php(153): CodeIgniter\Debug\Exceptions->errorHandler(2, 'Undefined array key "categories"', 'APPPATH\\Views\\pages\\add.php', 153)
 2 SYSTEMPATH\View\View.php(213): include('APPPATH\\Views\\pages\\add.php')
 3 SYSTEMPATH\View\View.php(216): CodeIgniter\View\View->CodeIgniter\View\{closure}()
 4 SYSTEMPATH\Common.php(1135): CodeIgniter\View\View->render('pages/add', [], true)
 5 APPPATH\Controllers\Home.php(65): view('pages/add')
 6 SYSTEMPATH\CodeIgniter.php(896): App\Controllers\Home->add()
 7 SYSTEMPATH\CodeIgniter.php(466): CodeIgniter\CodeIgniter->runController(Object(App\Controllers\Home))
 8 SYSTEMPATH\CodeIgniter.php(349): CodeIgniter\CodeIgniter->handleRequest(null, Object(Config\Cache), false)
 9 FCPATH\index.php(55): CodeIgniter\CodeIgniter->run()
CRITICAL - 2022-07-16 09:50:21 --> Undefined array key "category"
in APPPATH\Views\pages\add.php on line 153.
 1 APPPATH\Views\pages\add.php(153): CodeIgniter\Debug\Exceptions->errorHandler(2, 'Undefined array key "category"', 'APPPATH\\Views\\pages\\add.php', 153)
 2 SYSTEMPATH\View\View.php(213): include('APPPATH\\Views\\pages\\add.php')
 3 SYSTEMPATH\View\View.php(216): CodeIgniter\View\View->CodeIgniter\View\{closure}()
 4 SYSTEMPATH\Common.php(1135): CodeIgniter\View\View->render('pages/add', [], true)
 5 APPPATH\Controllers\Home.php(65): view('pages/add')
 6 SYSTEMPATH\CodeIgniter.php(896): App\Controllers\Home->add()
 7 SYSTEMPATH\CodeIgniter.php(466): CodeIgniter\CodeIgniter->runController(Object(App\Controllers\Home))
 8 SYSTEMPATH\CodeIgniter.php(349): CodeIgniter\CodeIgniter->handleRequest(null, Object(Config\Cache), false)
 9 FCPATH\index.php(55): CodeIgniter\CodeIgniter->run()
CRITICAL - 2022-07-16 09:50:47 --> Undefined variable $result1
in APPPATH\Views\pages\add.php on line 165.
 1 APPPATH\Views\pages\add.php(165): CodeIgniter\Debug\Exceptions->errorHandler(2, 'Undefined variable $result1', 'APPPATH\\Views\\pages\\add.php', 165)
 2 SYSTEMPATH\View\View.php(213): include('APPPATH\\Views\\pages\\add.php')
 3 SYSTEMPATH\View\View.php(216): CodeIgniter\View\View->CodeIgniter\View\{closure}()
 4 SYSTEMPATH\Common.php(1135): CodeIgniter\View\View->render('pages/add', [], true)
 5 APPPATH\Controllers\Home.php(65): view('pages/add')
 6 SYSTEMPATH\CodeIgniter.php(896): App\Controllers\Home->add()
 7 SYSTEMPATH\CodeIgniter.php(466): CodeIgniter\CodeIgniter->runController(Object(App\Controllers\Home))
 8 SYSTEMPATH\CodeIgniter.php(349): CodeIgniter\CodeIgniter->handleRequest(null, Object(Config\Cache), false)
 9 FCPATH\index.php(55): CodeIgniter\CodeIgniter->run()
CRITICAL - 2022-07-16 09:51:44 --> Undefined array key "category_name"
in APPPATH\Views\pages\display.php on line 157.
 1 APPPATH\Views\pages\display.php(157): CodeIgniter\Debug\Exceptions->errorHandler(2, 'Undefined array key "category_name"', 'APPPATH\\Views\\pages\\display.php', 157)
 2 SYSTEMPATH\View\View.php(213): include('APPPATH\\Views\\pages\\display.php')
 3 SYSTEMPATH\View\View.php(216): CodeIgniter\View\View->CodeIgniter\View\{closure}()
 4 SYSTEMPATH\Common.php(1135): CodeIgniter\View\View->render('pages/display', [], true)
 5 APPPATH\Controllers\Home.php(73): view('pages/display')
 6 SYSTEMPATH\CodeIgniter.php(896): App\Controllers\Home->display()
 7 SYSTEMPATH\CodeIgniter.php(466): CodeIgniter\CodeIgniter->runController(Object(App\Controllers\Home))
 8 SYSTEMPATH\CodeIgniter.php(349): CodeIgniter\CodeIgniter->handleRequest(null, Object(Config\Cache), false)
 9 FCPATH\index.php(55): CodeIgniter\CodeIgniter->run()
CRITICAL - 2022-07-16 09:52:21 --> Undefined array key "login"
in APPPATH\Views\pages\add.php on line 106.
 1 APPPATH\Views\pages\add.php(106): CodeIgniter\Debug\Exceptions->errorHandler(2, 'Undefined array key "login"', 'APPPATH\\Views\\pages\\add.php', 106)
 2 SYSTEMPATH\View\View.php(213): include('APPPATH\\Views\\pages\\add.php')
 3 SYSTEMPATH\View\View.php(216): CodeIgniter\View\View->CodeIgniter\View\{closure}()
 4 SYSTEMPATH\Common.php(1135): CodeIgniter\View\View->render('pages/add', [], true)
 5 APPPATH\Controllers\Home.php(65): view('pages/add')
 6 SYSTEMPATH\CodeIgniter.php(896): App\Controllers\Home->add()
 7 SYSTEMPATH\CodeIgniter.php(466): CodeIgniter\CodeIgniter->runController(Object(App\Controllers\Home))
 8 SYSTEMPATH\CodeIgniter.php(349): CodeIgniter\CodeIgniter->handleRequest(null, Object(Config\Cache), false)
 9 FCPATH\index.php(55): CodeIgniter\CodeIgniter->run()
CRITICAL - 2022-07-16 11:43:35 --> Undefined array key "category_name"
in APPPATH\Views\pages\display.php on line 157.
 1 APPPATH\Views\pages\display.php(157): CodeIgniter\Debug\Exceptions->errorHandler(2, 'Undefined array key "category_name"', 'APPPATH\\Views\\pages\\display.php', 157)
 2 SYSTEMPATH\View\View.php(213): include('APPPATH\\Views\\pages\\display.php')
 3 SYSTEMPATH\View\View.php(216): CodeIgniter\View\View->CodeIgniter\View\{closure}()
 4 SYSTEMPATH\Common.php(1135): CodeIgniter\View\View->render('pages/display', [], true)
 5 APPPATH\Controllers\Home.php(73): view('pages/display')
 6 SYSTEMPATH\CodeIgniter.php(896): App\Controllers\Home->display()
 7 SYSTEMPATH\CodeIgniter.php(466): CodeIgniter\CodeIgniter->runController(Object(App\Controllers\Home))
 8 SYSTEMPATH\CodeIgniter.php(349): CodeIgniter\CodeIgniter->handleRequest(null, Object(Config\Cache), false)
 9 FCPATH\index.php(55): CodeIgniter\CodeIgniter->run()
CRITICAL - 2022-07-16 11:46:42 --> Undefined array key "category_name"
in APPPATH\Views\pages\display.php on line 157.
 1 APPPATH\Views\pages\display.php(157): CodeIgniter\Debug\Exceptions->errorHandler(2, 'Undefined array key "category_name"', 'APPPATH\\Views\\pages\\display.php', 157)
 2 SYSTEMPATH\View\View.php(213): include('APPPATH\\Views\\pages\\display.php')
 3 SYSTEMPATH\View\View.php(216): CodeIgniter\View\View->CodeIgniter\View\{closure}()
 4 SYSTEMPATH\Common.php(1135): CodeIgniter\View\View->render('pages/display', [], true)
 5 APPPATH\Controllers\Home.php(73): view('pages/display')
 6 SYSTEMPATH\CodeIgniter.php(896): App\Controllers\Home->display()
 7 SYSTEMPATH\CodeIgniter.php(466): CodeIgniter\CodeIgniter->runController(Object(App\Controllers\Home))
 8 SYSTEMPATH\CodeIgniter.php(349): CodeIgniter\CodeIgniter->handleRequest(null, Object(Config\Cache), false)
 9 FCPATH\index.php(55): CodeIgniter\CodeIgniter->run()
CRITICAL - 2022-07-16 11:46:45 --> Undefined array key "category_name"
in APPPATH\Views\pages\display.php on line 157.
 1 APPPATH\Views\pages\display.php(157): CodeIgniter\Debug\Exceptions->errorHandler(2, 'Undefined array key "category_name"', 'APPPATH\\Views\\pages\\display.php', 157)
 2 SYSTEMPATH\View\View.php(213): include('APPPATH\\Views\\pages\\display.php')
 3 SYSTEMPATH\View\View.php(216): CodeIgniter\View\View->CodeIgniter\View\{closure}()
 4 SYSTEMPATH\Common.php(1135): CodeIgniter\View\View->render('pages/display', [], true)
 5 APPPATH\Controllers\Home.php(73): view('pages/display')
 6 SYSTEMPATH\CodeIgniter.php(896): App\Controllers\Home->display()
 7 SYSTEMPATH\CodeIgniter.php(466): CodeIgniter\CodeIgniter->runController(Object(App\Controllers\Home))
 8 SYSTEMPATH\CodeIgniter.php(349): CodeIgniter\CodeIgniter->handleRequest(null, Object(Config\Cache), false)
 9 FCPATH\index.php(55): CodeIgniter\CodeIgniter->run()
CRITICAL - 2022-07-16 11:53:03 --> Access denied for user 'username'@'localhost' (using password: YES)
in APPPATH\Views\pages\update.php on line 2.
 1 APPPATH\Views\pages\update.php(2): mysqli_connect('localhost', 'username', 'password', 'database')
 2 SYSTEMPATH\View\View.php(213): include('APPPATH\\Views\\pages\\update.php')
 3 SYSTEMPATH\View\View.php(216): CodeIgniter\View\View->CodeIgniter\View\{closure}()
 4 SYSTEMPATH\Common.php(1135): CodeIgniter\View\View->render('pages/update', [], true)
 5 APPPATH\Controllers\Home.php(77): view('pages/update')
 6 SYSTEMPATH\CodeIgniter.php(896): App\Controllers\Home->update()
 7 SYSTEMPATH\CodeIgniter.php(466): CodeIgniter\CodeIgniter->runController(Object(App\Controllers\Home))
 8 SYSTEMPATH\CodeIgniter.php(349): CodeIgniter\CodeIgniter->handleRequest(null, Object(Config\Cache), false)
 9 FCPATH\index.php(55): CodeIgniter\CodeIgniter->run()
