CRITICAL - 2022-07-15 06:55:55 --> Call to undefined method App\Controllers\Login::check_data()
in APPPATH\Controllers\Login.php on line 11.
 1 SYSTEMPATH\CodeIgniter.php(896): App\Controllers\Login->login()
 2 SYSTEMPATH\CodeIgniter.php(466): CodeIgniter\CodeIgniter->runController(Object(App\Controllers\Login))
 3 SYSTEMPATH\CodeIgniter.php(349): CodeIgniter\CodeIgniter->handleRequest(null, Object(Config\Cache), false)
 4 FCPATH\index.php(55): CodeIgniter\CodeIgniter->run()
CRITICAL - 2022-07-15 06:58:49 --> session_start(): Ignoring session_start() because a session is already active
in APPPATH\Views\pages\index.php on line 10.
 1 [internal function]: CodeIgniter\Debug\Exceptions->errorHandler(8, 'session_start(): Ignoring session_start() because a session is already active', 'APPPATH\\Views\\pages\\index.php', 10)
 2 APPPATH\Views\pages\index.php(10): session_start()
 3 APPPATH\Views\pages\mdi.php(33): check->check_login()
 4 SYSTEMPATH\View\View.php(213): include('APPPATH\\Views\\pages\\mdi.php')
 5 SYSTEMPATH\View\View.php(216): CodeIgniter\View\View->CodeIgniter\View\{closure}()
 6 SYSTEMPATH\Common.php(1135): CodeIgniter\View\View->render('pages/mdi', [], true)
 7 APPPATH\Controllers\Home.php(53): view('pages/mdi')
 8 SYSTEMPATH\CodeIgniter.php(896): App\Controllers\Home->mdi()
 9 SYSTEMPATH\CodeIgniter.php(466): CodeIgniter\CodeIgniter->runController(Object(App\Controllers\Home))
10 SYSTEMPATH\CodeIgniter.php(349): CodeIgniter\CodeIgniter->handleRequest(null, Object(Config\Cache), false)
11 FCPATH\index.php(55): CodeIgniter\CodeIgniter->run()
CRITICAL - 2022-07-15 07:00:31 --> session_start(): Ignoring session_start() because a session is already active
in APPPATH\Views\pages\index.php on line 10.
 1 [internal function]: CodeIgniter\Debug\Exceptions->errorHandler(8, 'session_start(): Ignoring session_start() because a session is already active', 'APPPATH\\Views\\pages\\index.php', 10)
 2 APPPATH\Views\pages\index.php(10): session_start()
 3 APPPATH\Views\pages\mdi.php(33): check->check_login()
 4 SYSTEMPATH\View\View.php(213): include('APPPATH\\Views\\pages\\mdi.php')
 5 SYSTEMPATH\View\View.php(216): CodeIgniter\View\View->CodeIgniter\View\{closure}()
 6 SYSTEMPATH\Common.php(1135): CodeIgniter\View\View->render('pages/mdi', [], true)
 7 APPPATH\Controllers\Home.php(53): view('pages/mdi')
 8 SYSTEMPATH\CodeIgniter.php(896): App\Controllers\Home->mdi()
 9 SYSTEMPATH\CodeIgniter.php(466): CodeIgniter\CodeIgniter->runController(Object(App\Controllers\Home))
10 SYSTEMPATH\CodeIgniter.php(349): CodeIgniter\CodeIgniter->handleRequest(null, Object(Config\Cache), false)
11 FCPATH\index.php(55): CodeIgniter\CodeIgniter->run()
CRITICAL - 2022-07-15 07:02:22 --> Undefined global variable $_SESSION
in APPPATH\Views\pages\index.php on line 11.
 1 APPPATH\Views\pages\index.php(11): CodeIgniter\Debug\Exceptions->errorHandler(2, 'Undefined global variable $_SESSION', 'APPPATH\\Views\\pages\\index.php', 11)
 2 APPPATH\Views\pages\index.php(23): check->check_login()
 3 SYSTEMPATH\View\View.php(213): include('APPPATH\\Views\\pages\\index.php')
 4 SYSTEMPATH\View\View.php(216): CodeIgniter\View\View->CodeIgniter\View\{closure}()
 5 SYSTEMPATH\Common.php(1135): CodeIgniter\View\View->render('pages/index', [], true)
 6 APPPATH\Controllers\Home.php(11): view('pages/index', [...])
 7 SYSTEMPATH\CodeIgniter.php(896): App\Controllers\Home->index()
 8 SYSTEMPATH\CodeIgniter.php(466): CodeIgniter\CodeIgniter->runController(Object(App\Controllers\Home))
 9 SYSTEMPATH\CodeIgniter.php(349): CodeIgniter\CodeIgniter->handleRequest(null, Object(Config\Cache), false)
10 FCPATH\index.php(55): CodeIgniter\CodeIgniter->run()
CRITICAL - 2022-07-15 07:12:30 --> session_start(): Ignoring session_start() because a session is already active
in APPPATH\Views\pages\index.php on line 10.
 1 [internal function]: CodeIgniter\Debug\Exceptions->errorHandler(8, 'session_start(): Ignoring session_start() because a session is already active', 'APPPATH\\Views\\pages\\index.php', 10)
 2 APPPATH\Views\pages\index.php(10): session_start()
 3 APPPATH\Views\pages\mdi.php(33): check->check_login()
 4 SYSTEMPATH\View\View.php(213): include('APPPATH\\Views\\pages\\mdi.php')
 5 SYSTEMPATH\View\View.php(216): CodeIgniter\View\View->CodeIgniter\View\{closure}()
 6 SYSTEMPATH\Common.php(1135): CodeIgniter\View\View->render('pages/mdi', [], true)
 7 APPPATH\Controllers\Home.php(53): view('pages/mdi')
 8 SYSTEMPATH\CodeIgniter.php(896): App\Controllers\Home->mdi()
 9 SYSTEMPATH\CodeIgniter.php(466): CodeIgniter\CodeIgniter->runController(Object(App\Controllers\Home))
10 SYSTEMPATH\CodeIgniter.php(349): CodeIgniter\CodeIgniter->handleRequest(null, Object(Config\Cache), false)
11 FCPATH\index.php(55): CodeIgniter\CodeIgniter->run()
CRITICAL - 2022-07-15 07:34:05 --> Class "check" not found
in APPPATH\Views\pages\mdi.php on line 28.
 1 SYSTEMPATH\View\View.php(213): include()
 2 SYSTEMPATH\View\View.php(216): CodeIgniter\View\View->CodeIgniter\View\{closure}()
 3 SYSTEMPATH\Common.php(1135): CodeIgniter\View\View->render('pages/mdi', [], true)
 4 APPPATH\Controllers\Home.php(53): view('pages/mdi')
 5 SYSTEMPATH\CodeIgniter.php(896): App\Controllers\Home->mdi()
 6 SYSTEMPATH\CodeIgniter.php(466): CodeIgniter\CodeIgniter->runController(Object(App\Controllers\Home))
 7 SYSTEMPATH\CodeIgniter.php(349): CodeIgniter\CodeIgniter->handleRequest(null, Object(Config\Cache), false)
 8 FCPATH\index.php(55): CodeIgniter\CodeIgniter->run()
CRITICAL - 2022-07-15 07:41:45 --> session_start(): Ignoring session_start() because a session is already active
in APPPATH\Views\pages\index.php on line 10.
 1 [internal function]: CodeIgniter\Debug\Exceptions->errorHandler(8, 'session_start(): Ignoring session_start() because a session is already active', 'APPPATH\\Views\\pages\\index.php', 10)
 2 APPPATH\Views\pages\index.php(10): session_start()
 3 APPPATH\Views\pages\basic_table.php(34): check->check_login()
 4 SYSTEMPATH\View\View.php(213): include('APPPATH\\Views\\pages\\basic_table.php')
 5 SYSTEMPATH\View\View.php(216): CodeIgniter\View\View->CodeIgniter\View\{closure}()
 6 SYSTEMPATH\Common.php(1135): CodeIgniter\View\View->render('pages/basic_table', [], true)
 7 APPPATH\Controllers\Home.php(21): view('pages/basic_table')
 8 SYSTEMPATH\CodeIgniter.php(896): App\Controllers\Home->basic_table()
 9 SYSTEMPATH\CodeIgniter.php(466): CodeIgniter\CodeIgniter->runController(Object(App\Controllers\Home))
10 SYSTEMPATH\CodeIgniter.php(349): CodeIgniter\CodeIgniter->handleRequest(null, Object(Config\Cache), false)
11 FCPATH\index.php(55): CodeIgniter\CodeIgniter->run()
CRITICAL - 2022-07-15 07:49:15 --> session_start(): Ignoring session_start() because a session is already active
in APPPATH\Views\pages\index.php on line 10.
 1 [internal function]: CodeIgniter\Debug\Exceptions->errorHandler(8, 'session_start(): Ignoring session_start() because a session is already active', 'APPPATH\\Views\\pages\\index.php', 10)
 2 APPPATH\Views\pages\index.php(10): session_start()
 3 APPPATH\Views\pages\blank_page.php(33): check->check_login()
 4 SYSTEMPATH\View\View.php(213): include('APPPATH\\Views\\pages\\blank_page.php')
 5 SYSTEMPATH\View\View.php(216): CodeIgniter\View\View->CodeIgniter\View\{closure}()
 6 SYSTEMPATH\Common.php(1135): CodeIgniter\View\View->render('pages/blank_page', [], true)
 7 APPPATH\Controllers\Home.php(25): view('pages/blank_page')
 8 SYSTEMPATH\CodeIgniter.php(896): App\Controllers\Home->blank_page()
 9 SYSTEMPATH\CodeIgniter.php(466): CodeIgniter\CodeIgniter->runController(Object(App\Controllers\Home))
10 SYSTEMPATH\CodeIgniter.php(349): CodeIgniter\CodeIgniter->handleRequest(null, Object(Config\Cache), false)
11 FCPATH\index.php(55): CodeIgniter\CodeIgniter->run()
CRITICAL - 2022-07-15 07:49:25 --> session_start(): Ignoring session_start() because a session is already active
in APPPATH\Views\pages\index.php on line 10.
 1 [internal function]: CodeIgniter\Debug\Exceptions->errorHandler(8, 'session_start(): Ignoring session_start() because a session is already active', 'APPPATH\\Views\\pages\\index.php', 10)
 2 APPPATH\Views\pages\index.php(10): session_start()
 3 APPPATH\Views\pages\chartjs.php(33): check->check_login()
 4 SYSTEMPATH\View\View.php(213): include('APPPATH\\Views\\pages\\chartjs.php')
 5 SYSTEMPATH\View\View.php(216): CodeIgniter\View\View->CodeIgniter\View\{closure}()
 6 SYSTEMPATH\Common.php(1135): CodeIgniter\View\View->render('pages/chartjs', [], true)
 7 APPPATH\Controllers\Home.php(33): view('pages/chartjs')
 8 SYSTEMPATH\CodeIgniter.php(896): App\Controllers\Home->chartjs()
 9 SYSTEMPATH\CodeIgniter.php(466): CodeIgniter\CodeIgniter->runController(Object(App\Controllers\Home))
10 SYSTEMPATH\CodeIgniter.php(349): CodeIgniter\CodeIgniter->handleRequest(null, Object(Config\Cache), false)
11 FCPATH\index.php(55): CodeIgniter\CodeIgniter->run()
CRITICAL - 2022-07-15 07:53:39 --> session_start(): Ignoring session_start() because a session is already active
in APPPATH\Views\pages\index.php on line 10.
 1 [internal function]: CodeIgniter\Debug\Exceptions->errorHandler(8, 'session_start(): Ignoring session_start() because a session is already active', 'APPPATH\\Views\\pages\\index.php', 10)
 2 APPPATH\Views\pages\index.php(10): session_start()
 3 APPPATH\Views\pages\chartjs.php(33): check->check_login()
 4 SYSTEMPATH\View\View.php(213): include('APPPATH\\Views\\pages\\chartjs.php')
 5 SYSTEMPATH\View\View.php(216): CodeIgniter\View\View->CodeIgniter\View\{closure}()
 6 SYSTEMPATH\Common.php(1135): CodeIgniter\View\View->render('pages/chartjs', [], true)
 7 APPPATH\Controllers\Home.php(33): view('pages/chartjs')
 8 SYSTEMPATH\CodeIgniter.php(896): App\Controllers\Home->chartjs()
 9 SYSTEMPATH\CodeIgniter.php(466): CodeIgniter\CodeIgniter->runController(Object(App\Controllers\Home))
10 SYSTEMPATH\CodeIgniter.php(349): CodeIgniter\CodeIgniter->handleRequest(null, Object(Config\Cache), false)
11 FCPATH\index.php(55): CodeIgniter\CodeIgniter->run()
CRITICAL - 2022-07-15 11:56:25 --> Access denied for user 'username'@'localhost' (using password: YES)
in APPPATH\Views\pages\add.php on line 5.
 1 APPPATH\Views\pages\add.php(5): mysqli_connect('localhost', 'username', 'password', 'database')
 2 SYSTEMPATH\View\View.php(213): include('APPPATH\\Views\\pages\\add.php')
 3 SYSTEMPATH\View\View.php(216): CodeIgniter\View\View->CodeIgniter\View\{closure}()
 4 SYSTEMPATH\Common.php(1135): CodeIgniter\View\View->render('pages/add', [], true)
 5 APPPATH\Controllers\Home.php(65): view('pages/add')
 6 SYSTEMPATH\CodeIgniter.php(896): App\Controllers\Home->add()
 7 SYSTEMPATH\CodeIgniter.php(466): CodeIgniter\CodeIgniter->runController(Object(App\Controllers\Home))
 8 SYSTEMPATH\CodeIgniter.php(349): CodeIgniter\CodeIgniter->handleRequest(null, Object(Config\Cache), false)
 9 FCPATH\index.php(55): CodeIgniter\CodeIgniter->run()
CRITICAL - 2022-07-15 11:57:58 --> Table 'uniforms.category' doesn't exist
in APPPATH\Views\pages\add.php on line 7.
 1 APPPATH\Views\pages\add.php(7): mysqli_query(Object(mysqli), 'SELECT * FROM category')
 2 SYSTEMPATH\View\View.php(213): include('APPPATH\\Views\\pages\\add.php')
 3 SYSTEMPATH\View\View.php(216): CodeIgniter\View\View->CodeIgniter\View\{closure}()
 4 SYSTEMPATH\Common.php(1135): CodeIgniter\View\View->render('pages/add', [], true)
 5 APPPATH\Controllers\Home.php(65): view('pages/add')
 6 SYSTEMPATH\CodeIgniter.php(896): App\Controllers\Home->add()
 7 SYSTEMPATH\CodeIgniter.php(466): CodeIgniter\CodeIgniter->runController(Object(App\Controllers\Home))
 8 SYSTEMPATH\CodeIgniter.php(349): CodeIgniter\CodeIgniter->handleRequest(null, Object(Config\Cache), false)
 9 FCPATH\index.php(55): CodeIgniter\CodeIgniter->run()
CRITICAL - 2022-07-15 12:00:39 --> Undefined array key "email"
in APPPATH\Views\pages\add.php on line 106.
 1 APPPATH\Views\pages\add.php(106): CodeIgniter\Debug\Exceptions->errorHandler(2, 'Undefined array key "email"', 'APPPATH\\Views\\pages\\add.php', 106)
 2 SYSTEMPATH\View\View.php(213): include('APPPATH\\Views\\pages\\add.php')
 3 SYSTEMPATH\View\View.php(216): CodeIgniter\View\View->CodeIgniter\View\{closure}()
 4 SYSTEMPATH\Common.php(1135): CodeIgniter\View\View->render('pages/add', [], true)
 5 APPPATH\Controllers\Home.php(65): view('pages/add')
 6 SYSTEMPATH\CodeIgniter.php(896): App\Controllers\Home->add()
 7 SYSTEMPATH\CodeIgniter.php(466): CodeIgniter\CodeIgniter->runController(Object(App\Controllers\Home))
 8 SYSTEMPATH\CodeIgniter.php(349): CodeIgniter\CodeIgniter->handleRequest(null, Object(Config\Cache), false)
 9 FCPATH\index.php(55): CodeIgniter\CodeIgniter->run()
CRITICAL - 2022-07-15 12:01:21 --> Undefined array key "login"
in APPPATH\Views\pages\add.php on line 106.
 1 APPPATH\Views\pages\add.php(106): CodeIgniter\Debug\Exceptions->errorHandler(2, 'Undefined array key "login"', 'APPPATH\\Views\\pages\\add.php', 106)
 2 SYSTEMPATH\View\View.php(213): include('APPPATH\\Views\\pages\\add.php')
 3 SYSTEMPATH\View\View.php(216): CodeIgniter\View\View->CodeIgniter\View\{closure}()
 4 SYSTEMPATH\Common.php(1135): CodeIgniter\View\View->render('pages/add', [], true)
 5 APPPATH\Controllers\Home.php(65): view('pages/add')
 6 SYSTEMPATH\CodeIgniter.php(896): App\Controllers\Home->add()
 7 SYSTEMPATH\CodeIgniter.php(466): CodeIgniter\CodeIgniter->runController(Object(App\Controllers\Home))
 8 SYSTEMPATH\CodeIgniter.php(349): CodeIgniter\CodeIgniter->handleRequest(null, Object(Config\Cache), false)
 9 FCPATH\index.php(55): CodeIgniter\CodeIgniter->run()
CRITICAL - 2022-07-15 12:01:23 --> Undefined array key "login"
in APPPATH\Views\pages\add.php on line 106.
 1 APPPATH\Views\pages\add.php(106): CodeIgniter\Debug\Exceptions->errorHandler(2, 'Undefined array key "login"', 'APPPATH\\Views\\pages\\add.php', 106)
 2 SYSTEMPATH\View\View.php(213): include('APPPATH\\Views\\pages\\add.php')
 3 SYSTEMPATH\View\View.php(216): CodeIgniter\View\View->CodeIgniter\View\{closure}()
 4 SYSTEMPATH\Common.php(1135): CodeIgniter\View\View->render('pages/add', [], true)
 5 APPPATH\Controllers\Home.php(65): view('pages/add')
 6 SYSTEMPATH\CodeIgniter.php(896): App\Controllers\Home->add()
 7 SYSTEMPATH\CodeIgniter.php(466): CodeIgniter\CodeIgniter->runController(Object(App\Controllers\Home))
 8 SYSTEMPATH\CodeIgniter.php(349): CodeIgniter\CodeIgniter->handleRequest(null, Object(Config\Cache), false)
 9 FCPATH\index.php(55): CodeIgniter\CodeIgniter->run()
CRITICAL - 2022-07-15 12:02:29 --> Undefined array key "pname"
in APPPATH\Views\pages\add.php on line 122.
 1 APPPATH\Views\pages\add.php(122): CodeIgniter\Debug\Exceptions->errorHandler(2, 'Undefined array key "pname"', 'APPPATH\\Views\\pages\\add.php', 122)
 2 SYSTEMPATH\View\View.php(213): include('APPPATH\\Views\\pages\\add.php')
 3 SYSTEMPATH\View\View.php(216): CodeIgniter\View\View->CodeIgniter\View\{closure}()
 4 SYSTEMPATH\Common.php(1135): CodeIgniter\View\View->render('pages/add', [], true)
 5 APPPATH\Controllers\Home.php(65): view('pages/add')
 6 SYSTEMPATH\CodeIgniter.php(896): App\Controllers\Home->add()
 7 SYSTEMPATH\CodeIgniter.php(466): CodeIgniter\CodeIgniter->runController(Object(App\Controllers\Home))
 8 SYSTEMPATH\CodeIgniter.php(349): CodeIgniter\CodeIgniter->handleRequest(null, Object(Config\Cache), false)
 9 FCPATH\index.php(55): CodeIgniter\CodeIgniter->run()
CRITICAL - 2022-07-15 12:03:48 --> Undefined array key "pname"
in APPPATH\Views\pages\add.php on line 122.
 1 APPPATH\Views\pages\add.php(122): CodeIgniter\Debug\Exceptions->errorHandler(2, 'Undefined array key "pname"', 'APPPATH\\Views\\pages\\add.php', 122)
 2 SYSTEMPATH\View\View.php(213): include('APPPATH\\Views\\pages\\add.php')
 3 SYSTEMPATH\View\View.php(216): CodeIgniter\View\View->CodeIgniter\View\{closure}()
 4 SYSTEMPATH\Common.php(1135): CodeIgniter\View\View->render('pages/add', [], true)
 5 APPPATH\Controllers\Home.php(65): view('pages/add')
 6 SYSTEMPATH\CodeIgniter.php(896): App\Controllers\Home->add()
 7 SYSTEMPATH\CodeIgniter.php(466): CodeIgniter\CodeIgniter->runController(Object(App\Controllers\Home))
 8 SYSTEMPATH\CodeIgniter.php(349): CodeIgniter\CodeIgniter->handleRequest(null, Object(Config\Cache), false)
 9 FCPATH\index.php(55): CodeIgniter\CodeIgniter->run()
CRITICAL - 2022-07-15 12:04:46 --> Undefined array key "id"
in APPPATH\Views\pages\add.php on line 148.
 1 APPPATH\Views\pages\add.php(148): CodeIgniter\Debug\Exceptions->errorHandler(2, 'Undefined array key "id"', 'APPPATH\\Views\\pages\\add.php', 148)
 2 SYSTEMPATH\View\View.php(213): include('APPPATH\\Views\\pages\\add.php')
 3 SYSTEMPATH\View\View.php(216): CodeIgniter\View\View->CodeIgniter\View\{closure}()
 4 SYSTEMPATH\Common.php(1135): CodeIgniter\View\View->render('pages/add', [], true)
 5 APPPATH\Controllers\Home.php(65): view('pages/add')
 6 SYSTEMPATH\CodeIgniter.php(896): App\Controllers\Home->add()
 7 SYSTEMPATH\CodeIgniter.php(466): CodeIgniter\CodeIgniter->runController(Object(App\Controllers\Home))
 8 SYSTEMPATH\CodeIgniter.php(349): CodeIgniter\CodeIgniter->handleRequest(null, Object(Config\Cache), false)
 9 FCPATH\index.php(55): CodeIgniter\CodeIgniter->run()
CRITICAL - 2022-07-15 12:11:01 --> Undefined array key "category_name"
in APPPATH\Views\pages\display.php on line 157.
 1 APPPATH\Views\pages\display.php(157): CodeIgniter\Debug\Exceptions->errorHandler(2, 'Undefined array key "category_name"', 'APPPATH\\Views\\pages\\display.php', 157)
 2 SYSTEMPATH\View\View.php(213): include('APPPATH\\Views\\pages\\display.php')
 3 SYSTEMPATH\View\View.php(216): CodeIgniter\View\View->CodeIgniter\View\{closure}()
 4 SYSTEMPATH\Common.php(1135): CodeIgniter\View\View->render('pages/display', [], true)
 5 APPPATH\Controllers\Home.php(73): view('pages/display')
 6 SYSTEMPATH\CodeIgniter.php(896): App\Controllers\Home->display()
 7 SYSTEMPATH\CodeIgniter.php(466): CodeIgniter\CodeIgniter->runController(Object(App\Controllers\Home))
 8 SYSTEMPATH\CodeIgniter.php(349): CodeIgniter\CodeIgniter->handleRequest(null, Object(Config\Cache), false)
 9 FCPATH\index.php(55): CodeIgniter\CodeIgniter->run()
