CRITICAL - 2022-07-13 03:28:48 --> Call to undefined method CodeIgniter\View\View::check_login()
in APPPATH\Views\pages\index.php on line 16.
 1 SYSTEMPATH\View\View.php(213): include()
 2 SYSTEMPATH\View\View.php(216): CodeIgniter\View\View->CodeIgniter\View\{closure}()
 3 SYSTEMPATH\Common.php(1135): CodeIgniter\View\View->render('pages/index', [], true)
 4 APPPATH\Controllers\Home.php(11): view('pages/index', [...])
 5 SYSTEMPATH\CodeIgniter.php(896): App\Controllers\Home->index()
 6 SYSTEMPATH\CodeIgniter.php(466): CodeIgniter\CodeIgniter->runController(Object(App\Controllers\Home))
 7 SYSTEMPATH\CodeIgniter.php(349): CodeIgniter\CodeIgniter->handleRequest(null, Object(Config\Cache), false)
 8 FCPATH\index.php(55): CodeIgniter\CodeIgniter->run()
CRITICAL - 2022-07-13 03:34:21 --> Call to undefined method CodeIgniter\View\View::check_login()
in APPPATH\Views\pages\index.php on line 16.
 1 SYSTEMPATH\View\View.php(213): include()
 2 SYSTEMPATH\View\View.php(216): CodeIgniter\View\View->CodeIgniter\View\{closure}()
 3 SYSTEMPATH\Common.php(1135): CodeIgniter\View\View->render('pages/index', [], true)
 4 APPPATH\Controllers\Home.php(11): view('pages/index', [...])
 5 SYSTEMPATH\CodeIgniter.php(896): App\Controllers\Home->index()
 6 SYSTEMPATH\CodeIgniter.php(466): CodeIgniter\CodeIgniter->runController(Object(App\Controllers\Home))
 7 SYSTEMPATH\CodeIgniter.php(349): CodeIgniter\CodeIgniter->handleRequest(null, Object(Config\Cache), false)
 8 FCPATH\index.php(55): CodeIgniter\CodeIgniter->run()
CRITICAL - 2022-07-13 12:05:44 --> Undefined property: mysqli::$password
in APPPATH\Controllers\Login.php on line 30.
 1 APPPATH\Controllers\Login.php(30): CodeIgniter\Debug\Exceptions->errorHandler(2, 'Undefined property: mysqli::$password', 'APPPATH\\Controllers\\Login.php', 30)
 2 SYSTEMPATH\CodeIgniter.php(896): App\Controllers\Login->login()
 3 SYSTEMPATH\CodeIgniter.php(466): CodeIgniter\CodeIgniter->runController(Object(App\Controllers\Login))
 4 SYSTEMPATH\CodeIgniter.php(349): CodeIgniter\CodeIgniter->handleRequest(null, Object(Config\Cache), false)
 5 FCPATH\index.php(55): CodeIgniter\CodeIgniter->run()
CRITICAL - 2022-07-13 12:13:37 --> Undefined property: mysqli::$password
in APPPATH\Controllers\Login.php on line 30.
 1 APPPATH\Controllers\Login.php(30): CodeIgniter\Debug\Exceptions->errorHandler(2, 'Undefined property: mysqli::$password', 'APPPATH\\Controllers\\Login.php', 30)
 2 SYSTEMPATH\CodeIgniter.php(896): App\Controllers\Login->login()
 3 SYSTEMPATH\CodeIgniter.php(466): CodeIgniter\CodeIgniter->runController(Object(App\Controllers\Login))
 4 SYSTEMPATH\CodeIgniter.php(349): CodeIgniter\CodeIgniter->handleRequest(null, Object(Config\Cache), false)
 5 FCPATH\index.php(55): CodeIgniter\CodeIgniter->run()
CRITICAL - 2022-07-13 12:14:33 --> Undefined property: mysqli::$user_password
in APPPATH\Controllers\Login.php on line 30.
 1 APPPATH\Controllers\Login.php(30): CodeIgniter\Debug\Exceptions->errorHandler(2, 'Undefined property: mysqli::$user_password', 'APPPATH\\Controllers\\Login.php', 30)
 2 SYSTEMPATH\CodeIgniter.php(896): App\Controllers\Login->login()
 3 SYSTEMPATH\CodeIgniter.php(466): CodeIgniter\CodeIgniter->runController(Object(App\Controllers\Login))
 4 SYSTEMPATH\CodeIgniter.php(349): CodeIgniter\CodeIgniter->handleRequest(null, Object(Config\Cache), false)
 5 FCPATH\index.php(55): CodeIgniter\CodeIgniter->run()
CRITICAL - 2022-07-13 12:15:50 --> Undefined property: mysqli::$password
in APPPATH\Controllers\Login.php on line 30.
 1 APPPATH\Controllers\Login.php(30): CodeIgniter\Debug\Exceptions->errorHandler(2, 'Undefined property: mysqli::$password', 'APPPATH\\Controllers\\Login.php', 30)
 2 SYSTEMPATH\CodeIgniter.php(896): App\Controllers\Login->login()
 3 SYSTEMPATH\CodeIgniter.php(466): CodeIgniter\CodeIgniter->runController(Object(App\Controllers\Login))
 4 SYSTEMPATH\CodeIgniter.php(349): CodeIgniter\CodeIgniter->handleRequest(null, Object(Config\Cache), false)
 5 FCPATH\index.php(55): CodeIgniter\CodeIgniter->run()
CRITICAL - 2022-07-13 13:06:39 -->  route cannot be found while reverse-routing.
in SYSTEMPATH\HTTP\RedirectResponse.php on line 56.
 1 SYSTEMPATH\HTTP\RedirectResponse.php(56): CodeIgniter\HTTP\Exceptions\HTTPException::forInvalidRedirectRoute('C:\\xampp\\htdocs\\bill-software\\billing-software')
 2 SYSTEMPATH\Common.php(863): CodeIgniter\HTTP\RedirectResponse->route(false)
 3 APPPATH\Views\pages\login.php(28): redirect('register.php')
 4 SYSTEMPATH\View\View.php(213): include('APPPATH\\Views\\pages\\login.php')
 5 SYSTEMPATH\View\View.php(216): CodeIgniter\View\View->CodeIgniter\View\{closure}()
 6 SYSTEMPATH\Common.php(1135): CodeIgniter\View\View->render('pages/login', [], true)
 7 APPPATH\Controllers\Home.php(49): view('pages/login')
 8 SYSTEMPATH\CodeIgniter.php(896): App\Controllers\Home->login()
 9 SYSTEMPATH\CodeIgniter.php(466): CodeIgniter\CodeIgniter->runController(Object(App\Controllers\Home))
10 SYSTEMPATH\CodeIgniter.php(349): CodeIgniter\CodeIgniter->handleRequest(null, Object(Config\Cache), false)
11 FCPATH\index.php(55): CodeIgniter\CodeIgniter->run()
CRITICAL - 2022-07-13 13:16:53 --> Class "Controllers\BaseController" not found
in APPPATH\Views\pages\login.php on line 25.
 1 SYSTEMPATH\View\View.php(213): include()
 2 SYSTEMPATH\View\View.php(216): CodeIgniter\View\View->CodeIgniter\View\{closure}()
 3 SYSTEMPATH\Common.php(1135): CodeIgniter\View\View->render('pages/login', [], true)
 4 APPPATH\Controllers\Home.php(49): view('pages/login')
 5 SYSTEMPATH\CodeIgniter.php(896): App\Controllers\Home->login()
 6 SYSTEMPATH\CodeIgniter.php(466): CodeIgniter\CodeIgniter->runController(Object(App\Controllers\Home))
 7 SYSTEMPATH\CodeIgniter.php(349): CodeIgniter\CodeIgniter->handleRequest(null, Object(Config\Cache), false)
 8 FCPATH\index.php(55): CodeIgniter\CodeIgniter->run()
