CRITICAL - 2022-07-24 03:05:11 --> Undefined variable $schools
in APPPATH\Views\pages\blank_page.php on line 123.
 1 APPPATH\Views\pages\blank_page.php(123): CodeIgniter\Debug\Exceptions->errorHandler(2, 'Undefined variable $schools', 'APPPATH\\Views\\pages\\blank_page.php', 123)
 2 SYSTEMPATH\View\View.php(213): include('APPPATH\\Views\\pages\\blank_page.php')
 3 SYSTEMPATH\View\View.php(216): CodeIgniter\View\View->CodeIgniter\View\{closure}()
 4 SYSTEMPATH\Common.php(1135): CodeIgniter\View\View->render('pages/blank_page', [], true)
 5 APPPATH\Controllers\Home.php(41): view('pages/blank_page')
 6 SYSTEMPATH\CodeIgniter.php(896): App\Controllers\Home->blank_page()
 7 SYSTEMPATH\CodeIgniter.php(466): CodeIgniter\CodeIgniter->runController(Object(App\Controllers\Home))
 8 SYSTEMPATH\CodeIgniter.php(349): CodeIgniter\CodeIgniter->handleRequest(null, Object(Config\Cache), false)
 9 FCPATH\index.php(55): CodeIgniter\CodeIgniter->run()
CRITICAL - 2022-07-24 04:36:24 --> Undefined variable $val
in APPPATH\Views\pages\blank_page.php on line 166.
 1 APPPATH\Views\pages\blank_page.php(166): CodeIgniter\Debug\Exceptions->errorHandler(2, 'Undefined variable $val', 'APPPATH\\Views\\pages\\blank_page.php', 166)
 2 SYSTEMPATH\View\View.php(213): include('APPPATH\\Views\\pages\\blank_page.php')
 3 SYSTEMPATH\View\View.php(216): CodeIgniter\View\View->CodeIgniter\View\{closure}()
 4 SYSTEMPATH\Common.php(1135): CodeIgniter\View\View->render('pages/blank_page', [], true)
 5 APPPATH\Controllers\Home.php(43): view('pages/blank_page', [...])
 6 SYSTEMPATH\CodeIgniter.php(896): App\Controllers\Home->blank_page()
 7 SYSTEMPATH\CodeIgniter.php(466): CodeIgniter\CodeIgniter->runController(Object(App\Controllers\Home))
 8 SYSTEMPATH\CodeIgniter.php(349): CodeIgniter\CodeIgniter->handleRequest(null, Object(Config\Cache), false)
 9 FCPATH\index.php(55): CodeIgniter\CodeIgniter->run()
CRITICAL - 2022-07-24 04:38:27 --> Undefined array key "price"
in APPPATH\Views\pages\blank_page.php on line 166.
 1 APPPATH\Views\pages\blank_page.php(166): CodeIgniter\Debug\Exceptions->errorHandler(2, 'Undefined array key "price"', 'APPPATH\\Views\\pages\\blank_page.php', 166)
 2 SYSTEMPATH\View\View.php(213): include('APPPATH\\Views\\pages\\blank_page.php')
 3 SYSTEMPATH\View\View.php(216): CodeIgniter\View\View->CodeIgniter\View\{closure}()
 4 SYSTEMPATH\Common.php(1135): CodeIgniter\View\View->render('pages/blank_page', [], true)
 5 APPPATH\Controllers\Home.php(45): view('pages/blank_page', [...])
 6 SYSTEMPATH\CodeIgniter.php(896): App\Controllers\Home->blank_page()
 7 SYSTEMPATH\CodeIgniter.php(466): CodeIgniter\CodeIgniter->runController(Object(App\Controllers\Home))
 8 SYSTEMPATH\CodeIgniter.php(349): CodeIgniter\CodeIgniter->handleRequest(null, Object(Config\Cache), false)
 9 FCPATH\index.php(55): CodeIgniter\CodeIgniter->run()
ERROR - 2022-07-24 04:42:40 --> Unknown column 'qty' in 'where clause'
CRITICAL - 2022-07-24 04:42:40 --> Unknown column 'qty' in 'where clause'
in SYSTEMPATH\Database\MySQLi\Connection.php on line 292.
 1 SYSTEMPATH\Database\MySQLi\Connection.php(292): mysqli->query('SELECT *
FROM `stock`
WHERE `sid` = \'1\'
AND `pname` = \'Shirt\'
AND `qty` = \'5\'
AND `size` = \'28\'', 0)
 2 SYSTEMPATH\Database\BaseConnection.php(695): CodeIgniter\Database\MySQLi\Connection->execute('SELECT *
FROM `stock`
WHERE `sid` = \'1\'
AND `pname` = \'Shirt\'
AND `qty` = \'5\'
AND `size` = \'28\'')
 3 SYSTEMPATH\Database\BaseConnection.php(609): CodeIgniter\Database\BaseConnection->simpleQuery('SELECT *
FROM `stock`
WHERE `sid` = \'1\'
AND `pname` = \'Shirt\'
AND `qty` = \'5\'
AND `size` = \'28\'')
 4 SYSTEMPATH\Database\BaseBuilder.php(1585): CodeIgniter\Database\BaseConnection->query('SELECT *
FROM `stock`
WHERE `sid` = :sid:
AND `pname` = :pname:
AND `qty` = :qty:
AND `size` = :size:', [...], false)
 5 SYSTEMPATH\Model.php(222): CodeIgniter\Database\BaseBuilder->get()
 6 SYSTEMPATH\BaseModel.php(584): CodeIgniter\Model->doFindAll(0, 0)
 7 APPPATH\Controllers\Calculate.php(30): CodeIgniter\BaseModel->findAll()
 8 SYSTEMPATH\CodeIgniter.php(896): App\Controllers\Calculate->calculate()
 9 SYSTEMPATH\CodeIgniter.php(466): CodeIgniter\CodeIgniter->runController(Object(App\Controllers\Calculate))
10 SYSTEMPATH\CodeIgniter.php(349): CodeIgniter\CodeIgniter->handleRequest(null, Object(Config\Cache), false)
11 FCPATH\index.php(55): CodeIgniter\CodeIgniter->run()
CRITICAL - 2022-07-24 04:43:13 --> Undefined variable $schools
in APPPATH\Views\pages\blank_page.php on line 143.
 1 APPPATH\Views\pages\blank_page.php(143): CodeIgniter\Debug\Exceptions->errorHandler(2, 'Undefined variable $schools', 'APPPATH\\Views\\pages\\blank_page.php', 143)
 2 SYSTEMPATH\View\View.php(213): include('APPPATH\\Views\\pages\\blank_page.php')
 3 SYSTEMPATH\View\View.php(216): CodeIgniter\View\View->CodeIgniter\View\{closure}()
 4 SYSTEMPATH\Common.php(1135): CodeIgniter\View\View->render('pages/blank_page', [], true)
 5 APPPATH\Controllers\Calculate.php(31): view('pages/blank_page', [...])
 6 SYSTEMPATH\CodeIgniter.php(896): App\Controllers\Calculate->calculate()
 7 SYSTEMPATH\CodeIgniter.php(466): CodeIgniter\CodeIgniter->runController(Object(App\Controllers\Calculate))
 8 SYSTEMPATH\CodeIgniter.php(349): CodeIgniter\CodeIgniter->handleRequest(null, Object(Config\Cache), false)
 9 FCPATH\index.php(55): CodeIgniter\CodeIgniter->run()
CRITICAL - 2022-07-24 04:44:16 --> Undefined variable $schools
in APPPATH\Views\pages\blank_page.php on line 143.
 1 APPPATH\Views\pages\blank_page.php(143): CodeIgniter\Debug\Exceptions->errorHandler(2, 'Undefined variable $schools', 'APPPATH\\Views\\pages\\blank_page.php', 143)
 2 SYSTEMPATH\View\View.php(213): include('APPPATH\\Views\\pages\\blank_page.php')
 3 SYSTEMPATH\View\View.php(216): CodeIgniter\View\View->CodeIgniter\View\{closure}()
 4 SYSTEMPATH\Common.php(1135): CodeIgniter\View\View->render('pages/blank_page', [], true)
 5 APPPATH\Controllers\Calculate.php(32): view('pages/blank_page', [...])
 6 SYSTEMPATH\CodeIgniter.php(896): App\Controllers\Calculate->calculate()
 7 SYSTEMPATH\CodeIgniter.php(466): CodeIgniter\CodeIgniter->runController(Object(App\Controllers\Calculate))
 8 SYSTEMPATH\CodeIgniter.php(349): CodeIgniter\CodeIgniter->handleRequest(null, Object(Config\Cache), false)
 9 FCPATH\index.php(55): CodeIgniter\CodeIgniter->run()
CRITICAL - 2022-07-24 04:44:21 --> Undefined variable $schools
in APPPATH\Views\pages\blank_page.php on line 143.
 1 APPPATH\Views\pages\blank_page.php(143): CodeIgniter\Debug\Exceptions->errorHandler(2, 'Undefined variable $schools', 'APPPATH\\Views\\pages\\blank_page.php', 143)
 2 SYSTEMPATH\View\View.php(213): include('APPPATH\\Views\\pages\\blank_page.php')
 3 SYSTEMPATH\View\View.php(216): CodeIgniter\View\View->CodeIgniter\View\{closure}()
 4 SYSTEMPATH\Common.php(1135): CodeIgniter\View\View->render('pages/blank_page', [], true)
 5 APPPATH\Controllers\Calculate.php(32): view('pages/blank_page', [...])
 6 SYSTEMPATH\CodeIgniter.php(896): App\Controllers\Calculate->calculate()
 7 SYSTEMPATH\CodeIgniter.php(466): CodeIgniter\CodeIgniter->runController(Object(App\Controllers\Calculate))
 8 SYSTEMPATH\CodeIgniter.php(349): CodeIgniter\CodeIgniter->handleRequest(null, Object(Config\Cache), false)
 9 FCPATH\index.php(55): CodeIgniter\CodeIgniter->run()
CRITICAL - 2022-07-24 04:45:31 --> Undefined array key "price"
in APPPATH\Views\pages\blank_page.php on line 167.
 1 APPPATH\Views\pages\blank_page.php(167): CodeIgniter\Debug\Exceptions->errorHandler(2, 'Undefined array key "price"', 'APPPATH\\Views\\pages\\blank_page.php', 167)
 2 SYSTEMPATH\View\View.php(213): include('APPPATH\\Views\\pages\\blank_page.php')
 3 SYSTEMPATH\View\View.php(216): CodeIgniter\View\View->CodeIgniter\View\{closure}()
 4 SYSTEMPATH\Common.php(1135): CodeIgniter\View\View->render('pages/blank_page', [], true)
 5 APPPATH\Controllers\Calculate.php(31): view('pages/blank_page', [...])
 6 SYSTEMPATH\CodeIgniter.php(896): App\Controllers\Calculate->calculate()
 7 SYSTEMPATH\CodeIgniter.php(466): CodeIgniter\CodeIgniter->runController(Object(App\Controllers\Calculate))
 8 SYSTEMPATH\CodeIgniter.php(349): CodeIgniter\CodeIgniter->handleRequest(null, Object(Config\Cache), false)
 9 FCPATH\index.php(55): CodeIgniter\CodeIgniter->run()
CRITICAL - 2022-07-24 04:47:24 --> Undefined variable $schools
in APPPATH\Views\pages\blank_page.php on line 143.
 1 APPPATH\Views\pages\blank_page.php(143): CodeIgniter\Debug\Exceptions->errorHandler(2, 'Undefined variable $schools', 'APPPATH\\Views\\pages\\blank_page.php', 143)
 2 SYSTEMPATH\View\View.php(213): include('APPPATH\\Views\\pages\\blank_page.php')
 3 SYSTEMPATH\View\View.php(216): CodeIgniter\View\View->CodeIgniter\View\{closure}()
 4 SYSTEMPATH\Common.php(1135): CodeIgniter\View\View->render('pages/blank_page', [], true)
 5 APPPATH\Controllers\Calculate.php(31): view('pages/blank_page', [...])
 6 SYSTEMPATH\CodeIgniter.php(896): App\Controllers\Calculate->calculate()
 7 SYSTEMPATH\CodeIgniter.php(466): CodeIgniter\CodeIgniter->runController(Object(App\Controllers\Calculate))
 8 SYSTEMPATH\CodeIgniter.php(349): CodeIgniter\CodeIgniter->handleRequest(null, Object(Config\Cache), false)
 9 FCPATH\index.php(55): CodeIgniter\CodeIgniter->run()
CRITICAL - 2022-07-24 05:58:36 --> Undefined variable $schools
in APPPATH\Views\pages\blank_page.php on line 153.
 1 APPPATH\Views\pages\blank_page.php(153): CodeIgniter\Debug\Exceptions->errorHandler(2, 'Undefined variable $schools', 'APPPATH\\Views\\pages\\blank_page.php', 153)
 2 SYSTEMPATH\View\View.php(213): include('APPPATH\\Views\\pages\\blank_page.php')
 3 SYSTEMPATH\View\View.php(216): CodeIgniter\View\View->CodeIgniter\View\{closure}()
 4 SYSTEMPATH\Common.php(1135): CodeIgniter\View\View->render('pages/blank_page', [], true)
 5 APPPATH\Controllers\Calculate.php(19): view('pages/blank_page', [...])
 6 SYSTEMPATH\CodeIgniter.php(896): App\Controllers\Calculate->calculate()
 7 SYSTEMPATH\CodeIgniter.php(466): CodeIgniter\CodeIgniter->runController(Object(App\Controllers\Calculate))
 8 SYSTEMPATH\CodeIgniter.php(349): CodeIgniter\CodeIgniter->handleRequest(null, Object(Config\Cache), false)
 9 FCPATH\index.php(55): CodeIgniter\CodeIgniter->run()
CRITICAL - 2022-07-24 05:58:36 --> Undefined variable $schools
in APPPATH\Views\pages\blank_page.php on line 153.
 1 APPPATH\Views\pages\blank_page.php(153): CodeIgniter\Debug\Exceptions->errorHandler(2, 'Undefined variable $schools', 'APPPATH\\Views\\pages\\blank_page.php', 153)
 2 SYSTEMPATH\View\View.php(213): include('APPPATH\\Views\\pages\\blank_page.php')
 3 SYSTEMPATH\View\View.php(216): CodeIgniter\View\View->CodeIgniter\View\{closure}()
 4 SYSTEMPATH\Common.php(1135): CodeIgniter\View\View->render('pages/blank_page', [], true)
 5 APPPATH\Controllers\Calculate.php(19): view('pages/blank_page', [...])
 6 SYSTEMPATH\CodeIgniter.php(896): App\Controllers\Calculate->calculate()
 7 SYSTEMPATH\CodeIgniter.php(466): CodeIgniter\CodeIgniter->runController(Object(App\Controllers\Calculate))
 8 SYSTEMPATH\CodeIgniter.php(349): CodeIgniter\CodeIgniter->handleRequest(null, Object(Config\Cache), false)
 9 FCPATH\index.php(55): CodeIgniter\CodeIgniter->run()
CRITICAL - 2022-07-24 05:58:47 --> Undefined variable $schools
in APPPATH\Views\pages\blank_page.php on line 153.
 1 APPPATH\Views\pages\blank_page.php(153): CodeIgniter\Debug\Exceptions->errorHandler(2, 'Undefined variable $schools', 'APPPATH\\Views\\pages\\blank_page.php', 153)
 2 SYSTEMPATH\View\View.php(213): include('APPPATH\\Views\\pages\\blank_page.php')
 3 SYSTEMPATH\View\View.php(216): CodeIgniter\View\View->CodeIgniter\View\{closure}()
 4 SYSTEMPATH\Common.php(1135): CodeIgniter\View\View->render('pages/blank_page', [], true)
 5 APPPATH\Controllers\Calculate.php(19): view('pages/blank_page', [...])
 6 SYSTEMPATH\CodeIgniter.php(896): App\Controllers\Calculate->calculate()
 7 SYSTEMPATH\CodeIgniter.php(466): CodeIgniter\CodeIgniter->runController(Object(App\Controllers\Calculate))
 8 SYSTEMPATH\CodeIgniter.php(349): CodeIgniter\CodeIgniter->handleRequest(null, Object(Config\Cache), false)
 9 FCPATH\index.php(55): CodeIgniter\CodeIgniter->run()
CRITICAL - 2022-07-24 05:58:47 --> Undefined variable $schools
in APPPATH\Views\pages\blank_page.php on line 153.
 1 APPPATH\Views\pages\blank_page.php(153): CodeIgniter\Debug\Exceptions->errorHandler(2, 'Undefined variable $schools', 'APPPATH\\Views\\pages\\blank_page.php', 153)
 2 SYSTEMPATH\View\View.php(213): include('APPPATH\\Views\\pages\\blank_page.php')
 3 SYSTEMPATH\View\View.php(216): CodeIgniter\View\View->CodeIgniter\View\{closure}()
 4 SYSTEMPATH\Common.php(1135): CodeIgniter\View\View->render('pages/blank_page', [], true)
 5 APPPATH\Controllers\Calculate.php(19): view('pages/blank_page', [...])
 6 SYSTEMPATH\CodeIgniter.php(896): App\Controllers\Calculate->calculate()
 7 SYSTEMPATH\CodeIgniter.php(466): CodeIgniter\CodeIgniter->runController(Object(App\Controllers\Calculate))
 8 SYSTEMPATH\CodeIgniter.php(349): CodeIgniter\CodeIgniter->handleRequest(null, Object(Config\Cache), false)
 9 FCPATH\index.php(55): CodeIgniter\CodeIgniter->run()
CRITICAL - 2022-07-24 06:00:56 --> Undefined variable $schools
in APPPATH\Views\pages\blank_page.php on line 153.
 1 APPPATH\Views\pages\blank_page.php(153): CodeIgniter\Debug\Exceptions->errorHandler(2, 'Undefined variable $schools', 'APPPATH\\Views\\pages\\blank_page.php', 153)
 2 SYSTEMPATH\View\View.php(213): include('APPPATH\\Views\\pages\\blank_page.php')
 3 SYSTEMPATH\View\View.php(216): CodeIgniter\View\View->CodeIgniter\View\{closure}()
 4 SYSTEMPATH\Common.php(1135): CodeIgniter\View\View->render('pages/blank_page', [], true)
 5 APPPATH\Controllers\Calculate.php(19): view('pages/blank_page', [...])
 6 SYSTEMPATH\CodeIgniter.php(896): App\Controllers\Calculate->calculate()
 7 SYSTEMPATH\CodeIgniter.php(466): CodeIgniter\CodeIgniter->runController(Object(App\Controllers\Calculate))
 8 SYSTEMPATH\CodeIgniter.php(349): CodeIgniter\CodeIgniter->handleRequest(null, Object(Config\Cache), false)
 9 FCPATH\index.php(55): CodeIgniter\CodeIgniter->run()
CRITICAL - 2022-07-24 06:00:56 --> Undefined variable $schools
in APPPATH\Views\pages\blank_page.php on line 153.
 1 APPPATH\Views\pages\blank_page.php(153): CodeIgniter\Debug\Exceptions->errorHandler(2, 'Undefined variable $schools', 'APPPATH\\Views\\pages\\blank_page.php', 153)
 2 SYSTEMPATH\View\View.php(213): include('APPPATH\\Views\\pages\\blank_page.php')
 3 SYSTEMPATH\View\View.php(216): CodeIgniter\View\View->CodeIgniter\View\{closure}()
 4 SYSTEMPATH\Common.php(1135): CodeIgniter\View\View->render('pages/blank_page', [], true)
 5 APPPATH\Controllers\Calculate.php(19): view('pages/blank_page', [...])
 6 SYSTEMPATH\CodeIgniter.php(896): App\Controllers\Calculate->calculate()
 7 SYSTEMPATH\CodeIgniter.php(466): CodeIgniter\CodeIgniter->runController(Object(App\Controllers\Calculate))
 8 SYSTEMPATH\CodeIgniter.php(349): CodeIgniter\CodeIgniter->handleRequest(null, Object(Config\Cache), false)
 9 FCPATH\index.php(55): CodeIgniter\CodeIgniter->run()
CRITICAL - 2022-07-24 06:00:56 --> Undefined variable $schools
in APPPATH\Views\pages\blank_page.php on line 153.
 1 APPPATH\Views\pages\blank_page.php(153): CodeIgniter\Debug\Exceptions->errorHandler(2, 'Undefined variable $schools', 'APPPATH\\Views\\pages\\blank_page.php', 153)
 2 SYSTEMPATH\View\View.php(213): include('APPPATH\\Views\\pages\\blank_page.php')
 3 SYSTEMPATH\View\View.php(216): CodeIgniter\View\View->CodeIgniter\View\{closure}()
 4 SYSTEMPATH\Common.php(1135): CodeIgniter\View\View->render('pages/blank_page', [], true)
 5 APPPATH\Controllers\Calculate.php(19): view('pages/blank_page', [...])
 6 SYSTEMPATH\CodeIgniter.php(896): App\Controllers\Calculate->calculate()
 7 SYSTEMPATH\CodeIgniter.php(466): CodeIgniter\CodeIgniter->runController(Object(App\Controllers\Calculate))
 8 SYSTEMPATH\CodeIgniter.php(349): CodeIgniter\CodeIgniter->handleRequest(null, Object(Config\Cache), false)
 9 FCPATH\index.php(55): CodeIgniter\CodeIgniter->run()
CRITICAL - 2022-07-24 06:00:58 --> Undefined variable $schools
in APPPATH\Views\pages\blank_page.php on line 153.
 1 APPPATH\Views\pages\blank_page.php(153): CodeIgniter\Debug\Exceptions->errorHandler(2, 'Undefined variable $schools', 'APPPATH\\Views\\pages\\blank_page.php', 153)
 2 SYSTEMPATH\View\View.php(213): include('APPPATH\\Views\\pages\\blank_page.php')
 3 SYSTEMPATH\View\View.php(216): CodeIgniter\View\View->CodeIgniter\View\{closure}()
 4 SYSTEMPATH\Common.php(1135): CodeIgniter\View\View->render('pages/blank_page', [], true)
 5 APPPATH\Controllers\Calculate.php(19): view('pages/blank_page', [...])
 6 SYSTEMPATH\CodeIgniter.php(896): App\Controllers\Calculate->calculate()
 7 SYSTEMPATH\CodeIgniter.php(466): CodeIgniter\CodeIgniter->runController(Object(App\Controllers\Calculate))
 8 SYSTEMPATH\CodeIgniter.php(349): CodeIgniter\CodeIgniter->handleRequest(null, Object(Config\Cache), false)
 9 FCPATH\index.php(55): CodeIgniter\CodeIgniter->run()
CRITICAL - 2022-07-24 07:38:17 --> Undefined array key "remarks"
in APPPATH\Controllers\Save.php on line 21.
 1 APPPATH\Controllers\Save.php(21): CodeIgniter\Debug\Exceptions->errorHandler(2, 'Undefined array key "remarks"', 'APPPATH\\Controllers\\Save.php', 21)
 2 SYSTEMPATH\CodeIgniter.php(896): App\Controllers\Save->save_data()
 3 SYSTEMPATH\CodeIgniter.php(466): CodeIgniter\CodeIgniter->runController(Object(App\Controllers\Save))
 4 SYSTEMPATH\CodeIgniter.php(349): CodeIgniter\CodeIgniter->handleRequest(null, Object(Config\Cache), false)
 5 FCPATH\index.php(55): CodeIgniter\CodeIgniter->run()
CRITICAL - 2022-07-24 07:38:59 --> Undefined array key "remarks"
in APPPATH\Controllers\Save.php on line 21.
 1 APPPATH\Controllers\Save.php(21): CodeIgniter\Debug\Exceptions->errorHandler(2, 'Undefined array key "remarks"', 'APPPATH\\Controllers\\Save.php', 21)
 2 SYSTEMPATH\CodeIgniter.php(896): App\Controllers\Save->save_data()
 3 SYSTEMPATH\CodeIgniter.php(466): CodeIgniter\CodeIgniter->runController(Object(App\Controllers\Save))
 4 SYSTEMPATH\CodeIgniter.php(349): CodeIgniter\CodeIgniter->handleRequest(null, Object(Config\Cache), false)
 5 FCPATH\index.php(55): CodeIgniter\CodeIgniter->run()
CRITICAL - 2022-07-24 07:39:18 --> Allowed fields must be specified for model: App\Models\CustomerModel
in SYSTEMPATH\BaseModel.php on line 1138.
 1 SYSTEMPATH\BaseModel.php(1138): CodeIgniter\Database\Exceptions\DataException::forInvalidAllowedFields('App\\Models\\CustomerModel')
 2 SYSTEMPATH\BaseModel.php(713): CodeIgniter\BaseModel->doProtectFields([...])
 3 SYSTEMPATH\Model.php(666): CodeIgniter\BaseModel->insert([...], true)
 4 APPPATH\Controllers\Save.php(24): CodeIgniter\Model->insert([...])
 5 SYSTEMPATH\CodeIgniter.php(896): App\Controllers\Save->save_data()
 6 SYSTEMPATH\CodeIgniter.php(466): CodeIgniter\CodeIgniter->runController(Object(App\Controllers\Save))
 7 SYSTEMPATH\CodeIgniter.php(349): CodeIgniter\CodeIgniter->handleRequest(null, Object(Config\Cache), false)
 8 FCPATH\index.php(55): CodeIgniter\CodeIgniter->run()
