ERROR - 2022-07-17 06:33:17 --> Duplicate entry '3' for key 'PRIMARY'
CRITICAL - 2022-07-17 06:33:17 --> Duplicate entry '3' for key 'PRIMARY'
in SYSTEMPATH\Database\MySQLi\Connection.php on line 292.
 1 SYSTEMPATH\Database\MySQLi\Connection.php(292): mysqli->query('INSERT INTO products (poid, pname, category, sid, size) VALUES (\'3\', \'Tie\', \'F\', 1, \'2\')', 0)
 2 SYSTEMPATH\Database\BaseConnection.php(695): CodeIgniter\Database\MySQLi\Connection->execute('INSERT INTO products (poid, pname, category, sid, size) VALUES (\'3\', \'Tie\', \'F\', 1, \'2\')')
 3 SYSTEMPATH\Database\BaseConnection.php(609): CodeIgniter\Database\BaseConnection->simpleQuery('INSERT INTO products (poid, pname, category, sid, size) VALUES (\'3\', \'Tie\', \'F\', 1, \'2\')')
 4 APPPATH\Controllers\Add.php(30): CodeIgniter\Database\BaseConnection->query('INSERT INTO products (poid, pname, category, sid, size) VALUES (?, ?, ?, ?, ?)', [...])
 5 SYSTEMPATH\CodeIgniter.php(896): App\Controllers\Add->add()
 6 SYSTEMPATH\CodeIgniter.php(466): CodeIgniter\CodeIgniter->runController(Object(App\Controllers\Add))
 7 SYSTEMPATH\CodeIgniter.php(349): CodeIgniter\CodeIgniter->handleRequest(null, Object(Config\Cache), false)
 8 FCPATH\index.php(55): CodeIgniter\CodeIgniter->run()
CRITICAL - 2022-07-17 06:36:40 --> You have an error in your SQL syntax; check the manual that corresponds to your MariaDB server version for the right syntax to use near ' size=UNIQUE LIMIT 0,5' at line 1
in APPPATH\Views\pages\blank_page.php on line 260.
 1 APPPATH\Views\pages\blank_page.php(260): mysqli_query(Object(mysqli), 'SELECT * FROM products WHERE sid=1, size=UNIQUE LIMIT 0,5')
 2 SYSTEMPATH\View\View.php(213): include('APPPATH\\Views\\pages\\blank_page.php')
 3 SYSTEMPATH\View\View.php(216): CodeIgniter\View\View->CodeIgniter\View\{closure}()
 4 SYSTEMPATH\Common.php(1135): CodeIgniter\View\View->render('pages/blank_page', [], true)
 5 APPPATH\Controllers\Home.php(25): view('pages/blank_page')
 6 SYSTEMPATH\CodeIgniter.php(896): App\Controllers\Home->blank_page()
 7 SYSTEMPATH\CodeIgniter.php(466): CodeIgniter\CodeIgniter->runController(Object(App\Controllers\Home))
 8 SYSTEMPATH\CodeIgniter.php(349): CodeIgniter\CodeIgniter->handleRequest(null, Object(Config\Cache), false)
 9 FCPATH\index.php(55): CodeIgniter\CodeIgniter->run()
CRITICAL - 2022-07-17 06:38:17 --> You have an error in your SQL syntax; check the manual that corresponds to your MariaDB server version for the right syntax to use near 'DISTINCT(size) FROM products WHERE sid=1 LIMIT 0,5' at line 1
in APPPATH\Views\pages\blank_page.php on line 260.
 1 APPPATH\Views\pages\blank_page.php(260): mysqli_query(Object(mysqli), 'SELECT poid, pname, sid, category, DISTINCT(size) FROM products WHERE sid=1 LIMIT 0,5')
 2 SYSTEMPATH\View\View.php(213): include('APPPATH\\Views\\pages\\blank_page.php')
 3 SYSTEMPATH\View\View.php(216): CodeIgniter\View\View->CodeIgniter\View\{closure}()
 4 SYSTEMPATH\Common.php(1135): CodeIgniter\View\View->render('pages/blank_page', [], true)
 5 APPPATH\Controllers\Home.php(25): view('pages/blank_page')
 6 SYSTEMPATH\CodeIgniter.php(896): App\Controllers\Home->blank_page()
 7 SYSTEMPATH\CodeIgniter.php(466): CodeIgniter\CodeIgniter->runController(Object(App\Controllers\Home))
 8 SYSTEMPATH\CodeIgniter.php(349): CodeIgniter\CodeIgniter->handleRequest(null, Object(Config\Cache), false)
 9 FCPATH\index.php(55): CodeIgniter\CodeIgniter->run()
CRITICAL - 2022-07-17 06:39:26 --> You have an error in your SQL syntax; check the manual that corresponds to your MariaDB server version for the right syntax to use near 'DISTINCT(pname) FROM products WHERE sid=1 LIMIT 0,5' at line 1
in APPPATH\Views\pages\blank_page.php on line 260.
 1 APPPATH\Views\pages\blank_page.php(260): mysqli_query(Object(mysqli), 'SELECT poid, size, sid, category, DISTINCT(pname) FROM products WHERE sid=1 LIMIT 0,5')
 2 SYSTEMPATH\View\View.php(213): include('APPPATH\\Views\\pages\\blank_page.php')
 3 SYSTEMPATH\View\View.php(216): CodeIgniter\View\View->CodeIgniter\View\{closure}()
 4 SYSTEMPATH\Common.php(1135): CodeIgniter\View\View->render('pages/blank_page', [], true)
 5 APPPATH\Controllers\Home.php(25): view('pages/blank_page')
 6 SYSTEMPATH\CodeIgniter.php(896): App\Controllers\Home->blank_page()
 7 SYSTEMPATH\CodeIgniter.php(466): CodeIgniter\CodeIgniter->runController(Object(App\Controllers\Home))
 8 SYSTEMPATH\CodeIgniter.php(349): CodeIgniter\CodeIgniter->handleRequest(null, Object(Config\Cache), false)
 9 FCPATH\index.php(55): CodeIgniter\CodeIgniter->run()
CRITICAL - 2022-07-17 06:40:23 --> You have an error in your SQL syntax; check the manual that corresponds to your MariaDB server version for the right syntax to use near 'DISTINCT pname FROM products WHERE sid=1 LIMIT 0,5' at line 1
in APPPATH\Views\pages\blank_page.php on line 260.
 1 APPPATH\Views\pages\blank_page.php(260): mysqli_query(Object(mysqli), 'SELECT poid, size, sid, category, DISTINCT pname FROM products WHERE sid=1 LIMIT 0,5')
 2 SYSTEMPATH\View\View.php(213): include('APPPATH\\Views\\pages\\blank_page.php')
 3 SYSTEMPATH\View\View.php(216): CodeIgniter\View\View->CodeIgniter\View\{closure}()
 4 SYSTEMPATH\Common.php(1135): CodeIgniter\View\View->render('pages/blank_page', [], true)
 5 APPPATH\Controllers\Home.php(25): view('pages/blank_page')
 6 SYSTEMPATH\CodeIgniter.php(896): App\Controllers\Home->blank_page()
 7 SYSTEMPATH\CodeIgniter.php(466): CodeIgniter\CodeIgniter->runController(Object(App\Controllers\Home))
 8 SYSTEMPATH\CodeIgniter.php(349): CodeIgniter\CodeIgniter->handleRequest(null, Object(Config\Cache), false)
 9 FCPATH\index.php(55): CodeIgniter\CodeIgniter->run()
CRITICAL - 2022-07-17 06:42:07 --> You have an error in your SQL syntax; check the manual that corresponds to your MariaDB server version for the right syntax to use near 'FROM products WHERE sid=1 LIMIT 0,5' at line 1
in APPPATH\Views\pages\blank_page.php on line 260.
 1 APPPATH\Views\pages\blank_page.php(260): mysqli_query(Object(mysqli), 'SELECT DISTINCT pname, poid, size, sid, category, FROM products WHERE sid=1 LIMIT 0,5')
 2 SYSTEMPATH\View\View.php(213): include('APPPATH\\Views\\pages\\blank_page.php')
 3 SYSTEMPATH\View\View.php(216): CodeIgniter\View\View->CodeIgniter\View\{closure}()
 4 SYSTEMPATH\Common.php(1135): CodeIgniter\View\View->render('pages/blank_page', [], true)
 5 APPPATH\Controllers\Home.php(25): view('pages/blank_page')
 6 SYSTEMPATH\CodeIgniter.php(896): App\Controllers\Home->blank_page()
 7 SYSTEMPATH\CodeIgniter.php(466): CodeIgniter\CodeIgniter->runController(Object(App\Controllers\Home))
 8 SYSTEMPATH\CodeIgniter.php(349): CodeIgniter\CodeIgniter->handleRequest(null, Object(Config\Cache), false)
 9 FCPATH\index.php(55): CodeIgniter\CodeIgniter->run()
CRITICAL - 2022-07-17 06:47:03 --> Operand should contain 1 column(s)
in APPPATH\Views\pages\blank_page.php on line 260.
 1 APPPATH\Views\pages\blank_page.php(260): mysqli_query(Object(mysqli), 'SELECT DISTINCT(pname), poid, size, sid, category FROM products WHERE sid=1 GROUP BY(pname,category) LIMIT 0,5')
 2 SYSTEMPATH\View\View.php(213): include('APPPATH\\Views\\pages\\blank_page.php')
 3 SYSTEMPATH\View\View.php(216): CodeIgniter\View\View->CodeIgniter\View\{closure}()
 4 SYSTEMPATH\Common.php(1135): CodeIgniter\View\View->render('pages/blank_page', [], true)
 5 APPPATH\Controllers\Home.php(25): view('pages/blank_page')
 6 SYSTEMPATH\CodeIgniter.php(896): App\Controllers\Home->blank_page()
 7 SYSTEMPATH\CodeIgniter.php(466): CodeIgniter\CodeIgniter->runController(Object(App\Controllers\Home))
 8 SYSTEMPATH\CodeIgniter.php(349): CodeIgniter\CodeIgniter->handleRequest(null, Object(Config\Cache), false)
 9 FCPATH\index.php(55): CodeIgniter\CodeIgniter->run()
CRITICAL - 2022-07-17 06:49:09 --> Unknown column 'id' in 'order clause'
in APPPATH\Views\pages\blank_page.php on line 260.
 1 APPPATH\Views\pages\blank_page.php(260): mysqli_query(Object(mysqli), 'SELECT DISTINCT(pname), poid, size, sid, category FROM products WHERE sid=1 GROUP BY(category) ORDER by id LIMIT 0,5')
 2 SYSTEMPATH\View\View.php(213): include('APPPATH\\Views\\pages\\blank_page.php')
 3 SYSTEMPATH\View\View.php(216): CodeIgniter\View\View->CodeIgniter\View\{closure}()
 4 SYSTEMPATH\Common.php(1135): CodeIgniter\View\View->render('pages/blank_page', [], true)
 5 APPPATH\Controllers\Home.php(25): view('pages/blank_page')
 6 SYSTEMPATH\CodeIgniter.php(896): App\Controllers\Home->blank_page()
 7 SYSTEMPATH\CodeIgniter.php(466): CodeIgniter\CodeIgniter->runController(Object(App\Controllers\Home))
 8 SYSTEMPATH\CodeIgniter.php(349): CodeIgniter\CodeIgniter->handleRequest(null, Object(Config\Cache), false)
 9 FCPATH\index.php(55): CodeIgniter\CodeIgniter->run()
CRITICAL - 2022-07-17 06:52:06 --> Operand should contain 1 column(s)
in APPPATH\Views\pages\blank_page.php on line 260.
 1 APPPATH\Views\pages\blank_page.php(260): mysqli_query(Object(mysqli), 'SELECT DISTINCT(pname,category), poid, size, sid FROM products WHERE sid=1 ORDER by poid LIMIT 0,5')
 2 SYSTEMPATH\View\View.php(213): include('APPPATH\\Views\\pages\\blank_page.php')
 3 SYSTEMPATH\View\View.php(216): CodeIgniter\View\View->CodeIgniter\View\{closure}()
 4 SYSTEMPATH\Common.php(1135): CodeIgniter\View\View->render('pages/blank_page', [], true)
 5 APPPATH\Controllers\Home.php(25): view('pages/blank_page')
 6 SYSTEMPATH\CodeIgniter.php(896): App\Controllers\Home->blank_page()
 7 SYSTEMPATH\CodeIgniter.php(466): CodeIgniter\CodeIgniter->runController(Object(App\Controllers\Home))
 8 SYSTEMPATH\CodeIgniter.php(349): CodeIgniter\CodeIgniter->handleRequest(null, Object(Config\Cache), false)
 9 FCPATH\index.php(55): CodeIgniter\CodeIgniter->run()
CRITICAL - 2022-07-17 07:53:45 --> Undefined array key "poid"
in APPPATH\Controllers\Delete.php on line 15.
 1 APPPATH\Controllers\Delete.php(15): CodeIgniter\Debug\Exceptions->errorHandler(2, 'Undefined array key "poid"', 'APPPATH\\Controllers\\Delete.php', 15)
 2 SYSTEMPATH\CodeIgniter.php(896): App\Controllers\Delete->delete()
 3 SYSTEMPATH\CodeIgniter.php(466): CodeIgniter\CodeIgniter->runController(Object(App\Controllers\Delete))
 4 SYSTEMPATH\CodeIgniter.php(349): CodeIgniter\CodeIgniter->handleRequest(null, Object(Config\Cache), false)
 5 FCPATH\index.php(55): CodeIgniter\CodeIgniter->run()
CRITICAL - 2022-07-17 07:54:51 --> Undefined array key "poid"
in APPPATH\Controllers\Delete.php on line 15.
 1 APPPATH\Controllers\Delete.php(15): CodeIgniter\Debug\Exceptions->errorHandler(2, 'Undefined array key "poid"', 'APPPATH\\Controllers\\Delete.php', 15)
 2 SYSTEMPATH\CodeIgniter.php(896): App\Controllers\Delete->delete()
 3 SYSTEMPATH\CodeIgniter.php(466): CodeIgniter\CodeIgniter->runController(Object(App\Controllers\Delete))
 4 SYSTEMPATH\CodeIgniter.php(349): CodeIgniter\CodeIgniter->handleRequest(null, Object(Config\Cache), false)
 5 FCPATH\index.php(55): CodeIgniter\CodeIgniter->run()
CRITICAL - 2022-07-17 07:56:15 --> Undefined array key "poid"
in APPPATH\Controllers\Delete.php on line 15.
 1 APPPATH\Controllers\Delete.php(15): CodeIgniter\Debug\Exceptions->errorHandler(2, 'Undefined array key "poid"', 'APPPATH\\Controllers\\Delete.php', 15)
 2 SYSTEMPATH\CodeIgniter.php(896): App\Controllers\Delete->delete()
 3 SYSTEMPATH\CodeIgniter.php(466): CodeIgniter\CodeIgniter->runController(Object(App\Controllers\Delete))
 4 SYSTEMPATH\CodeIgniter.php(349): CodeIgniter\CodeIgniter->handleRequest(null, Object(Config\Cache), false)
 5 FCPATH\index.php(55): CodeIgniter\CodeIgniter->run()
CRITICAL - 2022-07-17 07:57:07 --> Undefined array key "poid"
in APPPATH\Controllers\Delete.php on line 15.
 1 APPPATH\Controllers\Delete.php(15): CodeIgniter\Debug\Exceptions->errorHandler(2, 'Undefined array key "poid"', 'APPPATH\\Controllers\\Delete.php', 15)
 2 SYSTEMPATH\CodeIgniter.php(896): App\Controllers\Delete->delete()
 3 SYSTEMPATH\CodeIgniter.php(466): CodeIgniter\CodeIgniter->runController(Object(App\Controllers\Delete))
 4 SYSTEMPATH\CodeIgniter.php(349): CodeIgniter\CodeIgniter->handleRequest(null, Object(Config\Cache), false)
 5 FCPATH\index.php(55): CodeIgniter\CodeIgniter->run()
CRITICAL - 2022-07-17 08:14:54 --> Trying to access array offset on value of type null
in APPPATH\Views\pages\dropdowns.php on line 311.
 1 APPPATH\Views\pages\dropdowns.php(311): CodeIgniter\Debug\Exceptions->errorHandler(2, 'Trying to access array offset on value of type null', 'APPPATH\\Views\\pages\\dropdowns.php', 311)
 2 SYSTEMPATH\View\View.php(213): include('APPPATH\\Views\\pages\\dropdowns.php')
 3 SYSTEMPATH\View\View.php(216): CodeIgniter\View\View->CodeIgniter\View\{closure}()
 4 SYSTEMPATH\Common.php(1135): CodeIgniter\View\View->render('pages/dropdowns', [], true)
 5 APPPATH\Controllers\Home.php(37): view('pages/dropdowns')
 6 SYSTEMPATH\CodeIgniter.php(896): App\Controllers\Home->dropdowns()
 7 SYSTEMPATH\CodeIgniter.php(466): CodeIgniter\CodeIgniter->runController(Object(App\Controllers\Home))
 8 SYSTEMPATH\CodeIgniter.php(349): CodeIgniter\CodeIgniter->handleRequest(null, Object(Config\Cache), false)
 9 FCPATH\index.php(55): CodeIgniter\CodeIgniter->run()
CRITICAL - 2022-07-17 08:15:44 --> Trying to access array offset on value of type null
in APPPATH\Views\pages\dropdowns.php on line 311.
 1 APPPATH\Views\pages\dropdowns.php(311): CodeIgniter\Debug\Exceptions->errorHandler(2, 'Trying to access array offset on value of type null', 'APPPATH\\Views\\pages\\dropdowns.php', 311)
 2 SYSTEMPATH\View\View.php(213): include('APPPATH\\Views\\pages\\dropdowns.php')
 3 SYSTEMPATH\View\View.php(216): CodeIgniter\View\View->CodeIgniter\View\{closure}()
 4 SYSTEMPATH\Common.php(1135): CodeIgniter\View\View->render('pages/dropdowns', [], true)
 5 APPPATH\Controllers\Home.php(37): view('pages/dropdowns')
 6 SYSTEMPATH\CodeIgniter.php(896): App\Controllers\Home->dropdowns()
 7 SYSTEMPATH\CodeIgniter.php(466): CodeIgniter\CodeIgniter->runController(Object(App\Controllers\Home))
 8 SYSTEMPATH\CodeIgniter.php(349): CodeIgniter\CodeIgniter->handleRequest(null, Object(Config\Cache), false)
 9 FCPATH\index.php(55): CodeIgniter\CodeIgniter->run()
CRITICAL - 2022-07-17 08:15:53 --> Trying to access array offset on value of type null
in APPPATH\Views\pages\dropdowns.php on line 311.
 1 APPPATH\Views\pages\dropdowns.php(311): CodeIgniter\Debug\Exceptions->errorHandler(2, 'Trying to access array offset on value of type null', 'APPPATH\\Views\\pages\\dropdowns.php', 311)
 2 SYSTEMPATH\View\View.php(213): include('APPPATH\\Views\\pages\\dropdowns.php')
 3 SYSTEMPATH\View\View.php(216): CodeIgniter\View\View->CodeIgniter\View\{closure}()
 4 SYSTEMPATH\Common.php(1135): CodeIgniter\View\View->render('pages/dropdowns', [], true)
 5 APPPATH\Controllers\Home.php(37): view('pages/dropdowns')
 6 SYSTEMPATH\CodeIgniter.php(896): App\Controllers\Home->dropdowns()
 7 SYSTEMPATH\CodeIgniter.php(466): CodeIgniter\CodeIgniter->runController(Object(App\Controllers\Home))
 8 SYSTEMPATH\CodeIgniter.php(349): CodeIgniter\CodeIgniter->handleRequest(null, Object(Config\Cache), false)
 9 FCPATH\index.php(55): CodeIgniter\CodeIgniter->run()
CRITICAL - 2022-07-17 08:17:31 --> Trying to access array offset on value of type null
in APPPATH\Views\pages\dropdowns.php on line 311.
 1 APPPATH\Views\pages\dropdowns.php(311): CodeIgniter\Debug\Exceptions->errorHandler(2, 'Trying to access array offset on value of type null', 'APPPATH\\Views\\pages\\dropdowns.php', 311)
 2 SYSTEMPATH\View\View.php(213): include('APPPATH\\Views\\pages\\dropdowns.php')
 3 SYSTEMPATH\View\View.php(216): CodeIgniter\View\View->CodeIgniter\View\{closure}()
 4 SYSTEMPATH\Common.php(1135): CodeIgniter\View\View->render('pages/dropdowns', [], true)
 5 APPPATH\Controllers\Home.php(37): view('pages/dropdowns')
 6 SYSTEMPATH\CodeIgniter.php(896): App\Controllers\Home->dropdowns()
 7 SYSTEMPATH\CodeIgniter.php(466): CodeIgniter\CodeIgniter->runController(Object(App\Controllers\Home))
 8 SYSTEMPATH\CodeIgniter.php(349): CodeIgniter\CodeIgniter->handleRequest(null, Object(Config\Cache), false)
 9 FCPATH\index.php(55): CodeIgniter\CodeIgniter->run()
CRITICAL - 2022-07-17 08:20:27 --> Trying to access array offset on value of type null
in APPPATH\Views\pages\dropdowns.php on line 311.
 1 APPPATH\Views\pages\dropdowns.php(311): CodeIgniter\Debug\Exceptions->errorHandler(2, 'Trying to access array offset on value of type null', 'APPPATH\\Views\\pages\\dropdowns.php', 311)
 2 SYSTEMPATH\View\View.php(213): include('APPPATH\\Views\\pages\\dropdowns.php')
 3 SYSTEMPATH\View\View.php(216): CodeIgniter\View\View->CodeIgniter\View\{closure}()
 4 SYSTEMPATH\Common.php(1135): CodeIgniter\View\View->render('pages/dropdowns', [], true)
 5 APPPATH\Controllers\Home.php(37): view('pages/dropdowns')
 6 SYSTEMPATH\CodeIgniter.php(896): App\Controllers\Home->dropdowns()
 7 SYSTEMPATH\CodeIgniter.php(466): CodeIgniter\CodeIgniter->runController(Object(App\Controllers\Home))
 8 SYSTEMPATH\CodeIgniter.php(349): CodeIgniter\CodeIgniter->handleRequest(null, Object(Config\Cache), false)
 9 FCPATH\index.php(55): CodeIgniter\CodeIgniter->run()
CRITICAL - 2022-07-17 08:30:02 --> Undefined array key "sid"
in APPPATH\Controllers\Add.php on line 29.
 1 APPPATH\Controllers\Add.php(29): CodeIgniter\Debug\Exceptions->errorHandler(2, 'Undefined array key "sid"', 'APPPATH\\Controllers\\Add.php', 29)
 2 SYSTEMPATH\CodeIgniter.php(896): App\Controllers\Add->add()
 3 SYSTEMPATH\CodeIgniter.php(466): CodeIgniter\CodeIgniter->runController(Object(App\Controllers\Add))
 4 SYSTEMPATH\CodeIgniter.php(349): CodeIgniter\CodeIgniter->handleRequest(null, Object(Config\Cache), false)
 5 FCPATH\index.php(55): CodeIgniter\CodeIgniter->run()
CRITICAL - 2022-07-17 08:31:26 --> Undefined array key "sid"
in APPPATH\Controllers\Add.php on line 29.
 1 APPPATH\Controllers\Add.php(29): CodeIgniter\Debug\Exceptions->errorHandler(2, 'Undefined array key "sid"', 'APPPATH\\Controllers\\Add.php', 29)
 2 SYSTEMPATH\CodeIgniter.php(896): App\Controllers\Add->add()
 3 SYSTEMPATH\CodeIgniter.php(466): CodeIgniter\CodeIgniter->runController(Object(App\Controllers\Add))
 4 SYSTEMPATH\CodeIgniter.php(349): CodeIgniter\CodeIgniter->handleRequest(null, Object(Config\Cache), false)
 5 FCPATH\index.php(55): CodeIgniter\CodeIgniter->run()
CRITICAL - 2022-07-17 08:35:21 --> Unknown column 'size' in 'field list'
in APPPATH\Views\pages\buttons.php on line 259.
 1 APPPATH\Views\pages\buttons.php(259): mysqli_query(Object(mysqli), 'SELECT category, poid, size, sid, pname FROM products WHERE sid=1 ORDER by poid LIMIT 0,5')
 2 SYSTEMPATH\View\View.php(213): include('APPPATH\\Views\\pages\\buttons.php')
 3 SYSTEMPATH\View\View.php(216): CodeIgniter\View\View->CodeIgniter\View\{closure}()
 4 SYSTEMPATH\Common.php(1135): CodeIgniter\View\View->render('pages/buttons', [], true)
 5 APPPATH\Controllers\Home.php(29): view('pages/buttons')
 6 SYSTEMPATH\CodeIgniter.php(896): App\Controllers\Home->buttons()
 7 SYSTEMPATH\CodeIgniter.php(466): CodeIgniter\CodeIgniter->runController(Object(App\Controllers\Home))
 8 SYSTEMPATH\CodeIgniter.php(349): CodeIgniter\CodeIgniter->handleRequest(null, Object(Config\Cache), false)
 9 FCPATH\index.php(55): CodeIgniter\CodeIgniter->run()
CRITICAL - 2022-07-17 08:41:24 --> Unknown column 'size' in 'field list'
in APPPATH\Views\pages\blank_page.php on line 260.
 1 APPPATH\Views\pages\blank_page.php(260): mysqli_query(Object(mysqli), 'SELECT category, poid, size, sid, pname FROM products WHERE sid=1 ORDER by poid LIMIT 0,5')
 2 SYSTEMPATH\View\View.php(213): include('APPPATH\\Views\\pages\\blank_page.php')
 3 SYSTEMPATH\View\View.php(216): CodeIgniter\View\View->CodeIgniter\View\{closure}()
 4 SYSTEMPATH\Common.php(1135): CodeIgniter\View\View->render('pages/blank_page', [], true)
 5 APPPATH\Controllers\Add.php(18): view('pages/blank_page', [...])
 6 SYSTEMPATH\CodeIgniter.php(896): App\Controllers\Add->add()
 7 SYSTEMPATH\CodeIgniter.php(466): CodeIgniter\CodeIgniter->runController(Object(App\Controllers\Add))
 8 SYSTEMPATH\CodeIgniter.php(349): CodeIgniter\CodeIgniter->handleRequest(null, Object(Config\Cache), false)
 9 FCPATH\index.php(55): CodeIgniter\CodeIgniter->run()
CRITICAL - 2022-07-17 08:48:28 --> Undefined array key "size"
in APPPATH\Views\pages\display.php on line 161.
 1 APPPATH\Views\pages\display.php(161): CodeIgniter\Debug\Exceptions->errorHandler(2, 'Undefined array key "size"', 'APPPATH\\Views\\pages\\display.php', 161)
 2 SYSTEMPATH\View\View.php(213): include('APPPATH\\Views\\pages\\display.php')
 3 SYSTEMPATH\View\View.php(216): CodeIgniter\View\View->CodeIgniter\View\{closure}()
 4 SYSTEMPATH\Common.php(1135): CodeIgniter\View\View->render('pages/display', [], true)
 5 APPPATH\Controllers\Home.php(73): view('pages/display')
 6 SYSTEMPATH\CodeIgniter.php(896): App\Controllers\Home->display()
 7 SYSTEMPATH\CodeIgniter.php(466): CodeIgniter\CodeIgniter->runController(Object(App\Controllers\Home))
 8 SYSTEMPATH\CodeIgniter.php(349): CodeIgniter\CodeIgniter->handleRequest(null, Object(Config\Cache), false)
 9 FCPATH\index.php(55): CodeIgniter\CodeIgniter->run()
CRITICAL - 2022-07-17 08:49:07 --> Undefined variable $next
in APPPATH\Views\pages\display.php on line 210.
 1 APPPATH\Views\pages\display.php(210): CodeIgniter\Debug\Exceptions->errorHandler(2, 'Undefined variable $next', 'APPPATH\\Views\\pages\\display.php', 210)
 2 SYSTEMPATH\View\View.php(213): include('APPPATH\\Views\\pages\\display.php')
 3 SYSTEMPATH\View\View.php(216): CodeIgniter\View\View->CodeIgniter\View\{closure}()
 4 SYSTEMPATH\Common.php(1135): CodeIgniter\View\View->render('pages/display', [], true)
 5 APPPATH\Controllers\Home.php(73): view('pages/display')
 6 SYSTEMPATH\CodeIgniter.php(896): App\Controllers\Home->display()
 7 SYSTEMPATH\CodeIgniter.php(466): CodeIgniter\CodeIgniter->runController(Object(App\Controllers\Home))
 8 SYSTEMPATH\CodeIgniter.php(349): CodeIgniter\CodeIgniter->handleRequest(null, Object(Config\Cache), false)
 9 FCPATH\index.php(55): CodeIgniter\CodeIgniter->run()
CRITICAL - 2022-07-17 23:32:58 --> Undefined variable $next
in APPPATH\Views\pages\dropdowns.php on line 349.
 1 APPPATH\Views\pages\dropdowns.php(349): CodeIgniter\Debug\Exceptions->errorHandler(2, 'Undefined variable $next', 'APPPATH\\Views\\pages\\dropdowns.php', 349)
 2 SYSTEMPATH\View\View.php(213): include('APPPATH\\Views\\pages\\dropdowns.php')
 3 SYSTEMPATH\View\View.php(216): CodeIgniter\View\View->CodeIgniter\View\{closure}()
 4 SYSTEMPATH\Common.php(1135): CodeIgniter\View\View->render('pages/dropdowns', [], true)
 5 APPPATH\Controllers\Home.php(37): view('pages/dropdowns')
 6 SYSTEMPATH\CodeIgniter.php(896): App\Controllers\Home->dropdowns()
 7 SYSTEMPATH\CodeIgniter.php(466): CodeIgniter\CodeIgniter->runController(Object(App\Controllers\Home))
 8 SYSTEMPATH\CodeIgniter.php(349): CodeIgniter\CodeIgniter->handleRequest(null, Object(Config\Cache), false)
 9 FCPATH\index.php(55): CodeIgniter\CodeIgniter->run()
