CRITICAL - 2022-07-08 03:53:23 --> Invalid file: pages/error_500.php
in SYSTEMPATH\Exceptions\FrameworkException.php on line 33.
 1 SYSTEMPATH\View\View.php(201): CodeIgniter\Exceptions\FrameworkException::forInvalidFile('pages/error_500.php')
 2 SYSTEMPATH\Common.php(1135): CodeIgniter\View\View->render('pages/error_500', [], true)
 3 APPPATH\Controllers\Home.php(45): view('pages/error_500')
 4 SYSTEMPATH\CodeIgniter.php(896): App\Controllers\Home->error_500()
 5 SYSTEMPATH\CodeIgniter.php(466): CodeIgniter\CodeIgniter->runController(Object(App\Controllers\Home))
 6 SYSTEMPATH\CodeIgniter.php(349): CodeIgniter\CodeIgniter->handleRequest(null, Object(Config\Cache), false)
 7 FCPATH\index.php(55): CodeIgniter\CodeIgniter->run()
CRITICAL - 2022-07-08 03:53:40 --> Invalid file: pages/error_404.php
in SYSTEMPATH\Exceptions\FrameworkException.php on line 33.
 1 SYSTEMPATH\View\View.php(201): CodeIgniter\Exceptions\FrameworkException::forInvalidFile('pages/error_404.php')
 2 SYSTEMPATH\Common.php(1135): CodeIgniter\View\View->render('pages/error_404', [], true)
 3 APPPATH\Controllers\Home.php(41): view('pages/error_404')
 4 SYSTEMPATH\CodeIgniter.php(896): App\Controllers\Home->error_404()
 5 SYSTEMPATH\CodeIgniter.php(466): CodeIgniter\CodeIgniter->runController(Object(App\Controllers\Home))
 6 SYSTEMPATH\CodeIgniter.php(349): CodeIgniter\CodeIgniter->handleRequest(null, Object(Config\Cache), false)
 7 FCPATH\index.php(55): CodeIgniter\CodeIgniter->run()
CRITICAL - 2022-07-08 03:55:31 --> Invalid file: pages/error_404.php
in SYSTEMPATH\Exceptions\FrameworkException.php on line 33.
 1 SYSTEMPATH\View\View.php(201): CodeIgniter\Exceptions\FrameworkException::forInvalidFile('pages/error_404.php')
 2 SYSTEMPATH\Common.php(1135): CodeIgniter\View\View->render('pages/error_404', [], true)
 3 APPPATH\Controllers\Home.php(41): view('pages/error_404')
 4 SYSTEMPATH\CodeIgniter.php(896): App\Controllers\Home->error_404()
 5 SYSTEMPATH\CodeIgniter.php(466): CodeIgniter\CodeIgniter->runController(Object(App\Controllers\Home))
 6 SYSTEMPATH\CodeIgniter.php(349): CodeIgniter\CodeIgniter->handleRequest(null, Object(Config\Cache), false)
 7 FCPATH\index.php(55): CodeIgniter\CodeIgniter->run()
CRITICAL - 2022-07-08 04:25:54 --> Invalid file: pages/error_404.php
in SYSTEMPATH\Exceptions\FrameworkException.php on line 33.
 1 SYSTEMPATH\View\View.php(201): CodeIgniter\Exceptions\FrameworkException::forInvalidFile('pages/error_404.php')
 2 SYSTEMPATH\Common.php(1135): CodeIgniter\View\View->render('pages/error_404', [], true)
 3 APPPATH\Controllers\Home.php(41): view('pages/error_404')
 4 SYSTEMPATH\CodeIgniter.php(896): App\Controllers\Home->error_404()
 5 SYSTEMPATH\CodeIgniter.php(466): CodeIgniter\CodeIgniter->runController(Object(App\Controllers\Home))
 6 SYSTEMPATH\CodeIgniter.php(349): CodeIgniter\CodeIgniter->handleRequest(null, Object(Config\Cache), false)
 7 FCPATH\index.php(55): CodeIgniter\CodeIgniter->run()
CRITICAL - 2022-07-08 04:26:18 --> Invalid file: pages/error_500.php
in SYSTEMPATH\Exceptions\FrameworkException.php on line 33.
 1 SYSTEMPATH\View\View.php(201): CodeIgniter\Exceptions\FrameworkException::forInvalidFile('pages/error_500.php')
 2 SYSTEMPATH\Common.php(1135): CodeIgniter\View\View->render('pages/error_500', [], true)
 3 APPPATH\Controllers\Home.php(45): view('pages/error_500')
 4 SYSTEMPATH\CodeIgniter.php(896): App\Controllers\Home->error_500()
 5 SYSTEMPATH\CodeIgniter.php(466): CodeIgniter\CodeIgniter->runController(Object(App\Controllers\Home))
 6 SYSTEMPATH\CodeIgniter.php(349): CodeIgniter\CodeIgniter->handleRequest(null, Object(Config\Cache), false)
 7 FCPATH\index.php(55): CodeIgniter\CodeIgniter->run()
CRITICAL - 2022-07-08 05:20:46 --> Undefined variable $validation
in APPPATH\Views\pages\login.php on line 31.
 1 APPPATH\Views\pages\login.php(31): CodeIgniter\Debug\Exceptions->errorHandler(2, 'Undefined variable $validation', 'APPPATH\\Views\\pages\\login.php', 31)
 2 SYSTEMPATH\View\View.php(213): include('APPPATH\\Views\\pages\\login.php')
 3 SYSTEMPATH\View\View.php(216): CodeIgniter\View\View->CodeIgniter\View\{closure}()
 4 SYSTEMPATH\Common.php(1135): CodeIgniter\View\View->render('pages/login', [], true)
 5 APPPATH\Controllers\Home.php(49): view('pages/login')
 6 SYSTEMPATH\CodeIgniter.php(896): App\Controllers\Home->login()
 7 SYSTEMPATH\CodeIgniter.php(466): CodeIgniter\CodeIgniter->runController(Object(App\Controllers\Home))
 8 SYSTEMPATH\CodeIgniter.php(349): CodeIgniter\CodeIgniter->handleRequest(null, Object(Config\Cache), false)
 9 FCPATH\index.php(55): CodeIgniter\CodeIgniter->run()
