CRITICAL - 2022-07-11 00:04:08 --> Undefined array key "username"
in APPPATH\Views\pages\index.php on line 169.
 1 APPPATH\Views\pages\index.php(169): CodeIgniter\Debug\Exceptions->errorHandler(2, 'Undefined array key "username"', 'APPPATH\\Views\\pages\\index.php', 169)
 2 SYSTEMPATH\View\View.php(213): include('APPPATH\\Views\\pages\\index.php')
 3 SYSTEMPATH\View\View.php(216): CodeIgniter\View\View->CodeIgniter\View\{closure}()
 4 SYSTEMPATH\Common.php(1135): CodeIgniter\View\View->render('pages/index', [], true)
 5 APPPATH\Controllers\Home.php(11): view('pages/index', [...])
 6 SYSTEMPATH\CodeIgniter.php(896): App\Controllers\Home->index()
 7 SYSTEMPATH\CodeIgniter.php(466): CodeIgniter\CodeIgniter->runController(Object(App\Controllers\Home))
 8 SYSTEMPATH\CodeIgniter.php(349): CodeIgniter\CodeIgniter->handleRequest(null, Object(Config\Cache), false)
 9 FCPATH\index.php(55): CodeIgniter\CodeIgniter->run()
CRITICAL - 2022-07-11 00:45:21 --> Undefined variable $validation
in APPPATH\Views\pages\login.php on line 31.
 1 APPPATH\Views\pages\login.php(31): CodeIgniter\Debug\Exceptions->errorHandler(2, 'Undefined variable $validation', 'APPPATH\\Views\\pages\\login.php', 31)
 2 SYSTEMPATH\View\View.php(213): include('APPPATH\\Views\\pages\\login.php')
 3 SYSTEMPATH\View\View.php(216): CodeIgniter\View\View->CodeIgniter\View\{closure}()
 4 SYSTEMPATH\Common.php(1135): CodeIgniter\View\View->render('pages/login', [], true)
 5 APPPATH\Controllers\Home.php(49): view('pages/login')
 6 SYSTEMPATH\CodeIgniter.php(896): App\Controllers\Home->login()
 7 SYSTEMPATH\CodeIgniter.php(466): CodeIgniter\CodeIgniter->runController(Object(App\Controllers\Home))
 8 SYSTEMPATH\CodeIgniter.php(349): CodeIgniter\CodeIgniter->handleRequest(null, Object(Config\Cache), false)
 9 FCPATH\index.php(55): CodeIgniter\CodeIgniter->run()
CRITICAL - 2022-07-11 01:10:48 --> Undefined array key "username"
in APPPATH\Views\pages\index.php on line 550.
 1 APPPATH\Views\pages\index.php(550): CodeIgniter\Debug\Exceptions->errorHandler(2, 'Undefined array key "username"', 'APPPATH\\Views\\pages\\index.php', 550)
 2 SYSTEMPATH\View\View.php(213): include('APPPATH\\Views\\pages\\index.php')
 3 SYSTEMPATH\View\View.php(216): CodeIgniter\View\View->CodeIgniter\View\{closure}()
 4 SYSTEMPATH\Common.php(1135): CodeIgniter\View\View->render('pages/index', [], true)
 5 APPPATH\Controllers\Home.php(11): view('pages/index', [...])
 6 SYSTEMPATH\CodeIgniter.php(896): App\Controllers\Home->index()
 7 SYSTEMPATH\CodeIgniter.php(466): CodeIgniter\CodeIgniter->runController(Object(App\Controllers\Home))
 8 SYSTEMPATH\CodeIgniter.php(349): CodeIgniter\CodeIgniter->handleRequest(null, Object(Config\Cache), false)
 9 FCPATH\index.php(55): CodeIgniter\CodeIgniter->run()
CRITICAL - 2022-07-11 01:11:05 --> Undefined array key "username"
in APPPATH\Views\pages\index.php on line 550.
 1 APPPATH\Views\pages\index.php(550): CodeIgniter\Debug\Exceptions->errorHandler(2, 'Undefined array key "username"', 'APPPATH\\Views\\pages\\index.php', 550)
 2 SYSTEMPATH\View\View.php(213): include('APPPATH\\Views\\pages\\index.php')
 3 SYSTEMPATH\View\View.php(216): CodeIgniter\View\View->CodeIgniter\View\{closure}()
 4 SYSTEMPATH\Common.php(1135): CodeIgniter\View\View->render('pages/index', [], true)
 5 APPPATH\Controllers\Home.php(11): view('pages/index', [...])
 6 SYSTEMPATH\CodeIgniter.php(896): App\Controllers\Home->index()
 7 SYSTEMPATH\CodeIgniter.php(466): CodeIgniter\CodeIgniter->runController(Object(App\Controllers\Home))
 8 SYSTEMPATH\CodeIgniter.php(349): CodeIgniter\CodeIgniter->handleRequest(null, Object(Config\Cache), false)
 9 FCPATH\index.php(55): CodeIgniter\CodeIgniter->run()
