CRITICAL - 2022-07-20 23:35:21 --> Table 'uniforms.products' doesn't exist
in APPPATH\Views\pages\add.php on line 7.
 1 APPPATH\Views\pages\add.php(7): mysqli_query(Object(mysqli), 'SELECT * FROM products')
 2 SYSTEMPATH\View\View.php(213): include('APPPATH\\Views\\pages\\add.php')
 3 SYSTEMPATH\View\View.php(216): CodeIgniter\View\View->CodeIgniter\View\{closure}()
 4 SYSTEMPATH\Common.php(1135): CodeIgniter\View\View->render('pages/add', [], true)
 5 APPPATH\Controllers\Home.php(65): view('pages/add')
 6 SYSTEMPATH\CodeIgniter.php(896): App\Controllers\Home->add()
 7 SYSTEMPATH\CodeIgniter.php(466): CodeIgniter\CodeIgniter->runController(Object(App\Controllers\Home))
 8 SYSTEMPATH\CodeIgniter.php(349): CodeIgniter\CodeIgniter->handleRequest(null, Object(Config\Cache), false)
 9 FCPATH\index.php(55): CodeIgniter\CodeIgniter->run()
CRITICAL - 2022-07-20 23:37:38 --> Undefined array key "poid"
in APPPATH\Views\pages\add.php on line 161.
 1 APPPATH\Views\pages\add.php(161): CodeIgniter\Debug\Exceptions->errorHandler(2, 'Undefined array key "poid"', 'APPPATH\\Views\\pages\\add.php', 161)
 2 SYSTEMPATH\View\View.php(213): include('APPPATH\\Views\\pages\\add.php')
 3 SYSTEMPATH\View\View.php(216): CodeIgniter\View\View->CodeIgniter\View\{closure}()
 4 SYSTEMPATH\Common.php(1135): CodeIgniter\View\View->render('pages/add', [], true)
 5 APPPATH\Controllers\Home.php(65): view('pages/add')
 6 SYSTEMPATH\CodeIgniter.php(896): App\Controllers\Home->add()
 7 SYSTEMPATH\CodeIgniter.php(466): CodeIgniter\CodeIgniter->runController(Object(App\Controllers\Home))
 8 SYSTEMPATH\CodeIgniter.php(349): CodeIgniter\CodeIgniter->handleRequest(null, Object(Config\Cache), false)
 9 FCPATH\index.php(55): CodeIgniter\CodeIgniter->run()
